#
# There is insufficient memory for the Java Runtime Environment to continue.
# Native memory allocation (malloc) failed to allocate 2336064 bytes. Error detail: Chunk::new
# Possible reasons:
#   The system is out of physical RAM or swap space
#   This process is running with CompressedOops enabled, and the Java Heap may be blocking the growth of the native heap
# Possible solutions:
#   Reduce memory load on the system
#   Increase physical memory or swap space
#   Check if swap backing store is full
#   Decrease Java heap size (-Xmx/-Xms)
#   Decrease number of Java threads
#   Decrease Java thread stack sizes (-Xss)
#   Set larger code cache with -XX:ReservedCodeCacheSize=
#   JVM is running with Unscaled Compressed Oops mode in which the Java heap is
#     placed in the first 4GB address space. The Java Heap base address is the
#     maximum limit for the native heap growth. Please use -XX:HeapBaseMinAddress
#     to set the Java Heap base and to place the Java Heap above 4GB virtual address.
# This output file may be truncated or incomplete.
#
#  Out of Memory Error (arena.cpp:191), pid=18448, tid=20864
#
# JRE version: OpenJDK Runtime Environment Corretto-17.0.17.10.1 (17.0.17+10) (build 17.0.17+10-LTS)
# Java VM: OpenJDK 64-Bit Server VM Corretto-17.0.17.10.1 (17.0.17+10-LTS, mixed mode, sharing, tiered, compressed oops, compressed class ptrs, g1 gc, windows-amd64)
# No core dump will be written. Minidumps are not enabled by default on client versions of Windows
#

---------------  S U M M A R Y ------------

Command Line: -javaagent:D:\IntelliJ IDEA Community Edition 2025.2.4\lib\idea_rt.jar=51610 -Dfile.encoding=UTF-8 com.My.Spring_Final_Project.SpringFinalProjectApplication

Host: Intel(R) Core(TM) i5-10400 CPU @ 2.90GHz, 12 cores, 7G,  Windows 11 , 64 bit Build 26100 (10.0.26100.7309)
Time: Sat Jan  3 21:56:49 2026 Bangladesh Standard Time elapsed time: 3142.876434 seconds (0d 0h 52m 22s)

---------------  T H R E A D  ---------------

Current thread (0x00000186ffa80080):  JavaThread "C2 CompilerThread0" daemon [_thread_in_native, id=20864, stack(0x0000004dd2700000,0x0000004dd2800000)]


Current CompileTask:
C2:3142876 15374       4       org.hibernate.engine.jdbc.internal.BasicFormatterImpl$FormatProcess::perform (1619 bytes)

Stack: [0x0000004dd2700000,0x0000004dd2800000]
Native frames: (J=compiled Java code, j=interpreted, Vv=VM code, C=native code)
V  [jvm.dll+0x68afd9]
V  [jvm.dll+0x841c09]
V  [jvm.dll+0x843978]
V  [jvm.dll+0x844003]
V  [jvm.dll+0x24ce4f]
V  [jvm.dll+0xaec76]
V  [jvm.dll+0xaf31c]
V  [jvm.dll+0x36e54e]
V  [jvm.dll+0x3388c5]
V  [jvm.dll+0x337d2a]
V  [jvm.dll+0x21dda9]
V  [jvm.dll+0x21d1ec]
V  [jvm.dll+0x1a8c70]
V  [jvm.dll+0x22d9fb]
V  [jvm.dll+0x22bb86]
V  [jvm.dll+0x7f747b]
V  [jvm.dll+0x7f187c]
V  [jvm.dll+0x689ee7]
C  [ucrtbase.dll+0x37b0]
C  [KERNEL32.DLL+0x2e8d7]
C  [ntdll.dll+0x8c53c]


---------------  P R O C E S S  ---------------

Threads class SMR info:
_java_thread_list=0x00000186ccef5680, length=32, elements={
0x00000186ff2e5a40, 0x00000186ff2e7170, 0x00000186ff2fe1d0, 0x00000186ff302ac0,
0x00000186ff304b60, 0x00000186ff308fb0, 0x00000186ffa80080, 0x00000186ffa8c230,
0x00000186ffa94830, 0x00000186ffb72460, 0x00000186ffb72e80, 0x00000186ffb747d0,
0x00000186ffb73390, 0x00000186c8bd2c20, 0x00000186c8bd3b50, 0x00000186c8bd4060,
0x00000186c8bd4570, 0x00000186c8bd12d0, 0x00000186c8bd1cf0, 0x00000186c8bd4f90,
0x00000186c8bd54a0, 0x00000186c8bd59b0, 0x00000186c8bd2200, 0x00000186c8bd68e0,
0x00000186c8bd8740, 0x00000186c8bd7d20, 0x00000186c8bd8230, 0x00000186c8bd8c50,
0x00000186c8bd6df0, 0x00000186c8bd5ec0, 0x00000186c8bd63d0, 0x00000186c8bd7300
}

Java Threads: ( => current thread )
  0x00000186ff2e5a40 JavaThread "Reference Handler" daemon [_thread_blocked, id=19652, stack(0x0000004dd2100000,0x0000004dd2200000)]
  0x00000186ff2e7170 JavaThread "Finalizer" daemon [_thread_blocked, id=18540, stack(0x0000004dd2200000,0x0000004dd2300000)]
  0x00000186ff2fe1d0 JavaThread "Signal Dispatcher" daemon [_thread_blocked, id=14740, stack(0x0000004dd2300000,0x0000004dd2400000)]
  0x00000186ff302ac0 JavaThread "Attach Listener" daemon [_thread_blocked, id=18640, stack(0x0000004dd2400000,0x0000004dd2500000)]
  0x00000186ff304b60 JavaThread "Service Thread" daemon [_thread_blocked, id=21876, stack(0x0000004dd2500000,0x0000004dd2600000)]
  0x00000186ff308fb0 JavaThread "Monitor Deflation Thread" daemon [_thread_blocked, id=3476, stack(0x0000004dd2600000,0x0000004dd2700000)]
=>0x00000186ffa80080 JavaThread "C2 CompilerThread0" daemon [_thread_in_native, id=20864, stack(0x0000004dd2700000,0x0000004dd2800000)]
  0x00000186ffa8c230 JavaThread "C1 CompilerThread0" daemon [_thread_blocked, id=20008, stack(0x0000004dd2800000,0x0000004dd2900000)]
  0x00000186ffa94830 JavaThread "Sweeper thread" daemon [_thread_blocked, id=16752, stack(0x0000004dd2900000,0x0000004dd2a00000)]
  0x00000186ffb72460 JavaThread "Common-Cleaner" daemon [_thread_blocked, id=15700, stack(0x0000004dd2a00000,0x0000004dd2b00000)]
  0x00000186ffb72e80 JavaThread "Monitor Ctrl-Break" daemon [_thread_in_native, id=22276, stack(0x0000004dd2b00000,0x0000004dd2c00000)]
  0x00000186ffb747d0 JavaThread "Notification Thread" daemon [_thread_blocked, id=7220, stack(0x0000004dd2c00000,0x0000004dd2d00000)]
  0x00000186ffb73390 JavaThread "mysql-cj-abandoned-connection-cleanup" daemon [_thread_blocked, id=11404, stack(0x0000004dd3e00000,0x0000004dd3f00000)]
  0x00000186c8bd2c20 JavaThread "HikariPool-1:housekeeper" daemon [_thread_blocked, id=22904, stack(0x0000004dd4000000,0x0000004dd4100000)]
  0x00000186c8bd3b50 JavaThread "Catalina-utility-1" [_thread_blocked, id=11748, stack(0x0000004dd4200000,0x0000004dd4300000)]
  0x00000186c8bd4060 JavaThread "Catalina-utility-2" [_thread_blocked, id=3844, stack(0x0000004dd4300000,0x0000004dd4400000)]
  0x00000186c8bd4570 JavaThread "container-0" [_thread_blocked, id=10684, stack(0x0000004dd4400000,0x0000004dd4500000)]
  0x00000186c8bd12d0 JavaThread "File Watcher" daemon [_thread_blocked, id=21236, stack(0x0000004dd4500000,0x0000004dd4600000)]
  0x00000186c8bd1cf0 JavaThread "Live Reload Server" daemon [_thread_in_native, id=16880, stack(0x0000004dd4700000,0x0000004dd4800000)]
  0x00000186c8bd4f90 JavaThread "http-nio-8080-exec-1" daemon [_thread_blocked, id=10796, stack(0x0000004dd4600000,0x0000004dd4700000)]
  0x00000186c8bd54a0 JavaThread "http-nio-8080-exec-2" daemon [_thread_blocked, id=19776, stack(0x0000004dd4800000,0x0000004dd4900000)]
  0x00000186c8bd59b0 JavaThread "http-nio-8080-exec-3" daemon [_thread_blocked, id=18600, stack(0x0000004dd4900000,0x0000004dd4a00000)]
  0x00000186c8bd2200 JavaThread "http-nio-8080-exec-4" daemon [_thread_blocked, id=5932, stack(0x0000004dd4a00000,0x0000004dd4b00000)]
  0x00000186c8bd68e0 JavaThread "http-nio-8080-exec-5" daemon [_thread_blocked, id=19356, stack(0x0000004dd4b00000,0x0000004dd4c00000)]
  0x00000186c8bd8740 JavaThread "http-nio-8080-exec-6" daemon [_thread_blocked, id=18744, stack(0x0000004dd4c00000,0x0000004dd4d00000)]
  0x00000186c8bd7d20 JavaThread "http-nio-8080-exec-7" daemon [_thread_blocked, id=19340, stack(0x0000004dd4d00000,0x0000004dd4e00000)]
  0x00000186c8bd8230 JavaThread "http-nio-8080-exec-8" daemon [_thread_blocked, id=13704, stack(0x0000004dd4e00000,0x0000004dd4f00000)]
  0x00000186c8bd8c50 JavaThread "http-nio-8080-exec-9" daemon [_thread_blocked, id=18376, stack(0x0000004dd4f00000,0x0000004dd5000000)]
  0x00000186c8bd6df0 JavaThread "http-nio-8080-exec-10" daemon [_thread_blocked, id=576, stack(0x0000004dd5000000,0x0000004dd5100000)]
  0x00000186c8bd5ec0 JavaThread "http-nio-8080-Poller" daemon [_thread_in_native, id=13116, stack(0x0000004dd5100000,0x0000004dd5200000)]
  0x00000186c8bd63d0 JavaThread "http-nio-8080-Acceptor" daemon [_thread_in_native, id=14404, stack(0x0000004dd5200000,0x0000004dd5300000)]
  0x00000186c8bd7300 JavaThread "DestroyJavaVM" [_thread_blocked, id=20436, stack(0x0000004dd1a00000,0x0000004dd1b00000)]

Other Threads:
  0x00000186ff2e19a0 VMThread "VM Thread" [stack: 0x0000004dd2000000,0x0000004dd2100000] [id=364]
  0x00000186e3196150 WatcherThread [stack: 0x0000004dd2d00000,0x0000004dd2e00000] [id=23208]
  0x00000186e0f2e690 GCTaskThread "GC Thread#0" [stack: 0x0000004dd1b00000,0x0000004dd1c00000] [id=19536]
  0x00000186c7acbe50 GCTaskThread "GC Thread#1" [stack: 0x0000004dd3100000,0x0000004dd3200000] [id=13292]
  0x00000186c7accc10 GCTaskThread "GC Thread#2" [stack: 0x0000004dd3200000,0x0000004dd3300000] [id=16856]
  0x00000186c7acc110 GCTaskThread "GC Thread#3" [stack: 0x0000004dd3300000,0x0000004dd3400000] [id=22480]
  0x00000186c7acc690 GCTaskThread "GC Thread#4" [stack: 0x0000004dd3400000,0x0000004dd3500000] [id=21500]
  0x00000186c7acd9d0 GCTaskThread "GC Thread#5" [stack: 0x0000004dd3500000,0x0000004dd3600000] [id=10052]
  0x00000186c7acd450 GCTaskThread "GC Thread#6" [stack: 0x0000004dd3800000,0x0000004dd3900000] [id=824]
  0x00000186c7acd710 GCTaskThread "GC Thread#7" [stack: 0x0000004dd3900000,0x0000004dd3a00000] [id=18700]
  0x00000186c7acc3d0 GCTaskThread "GC Thread#8" [stack: 0x0000004dd3a00000,0x0000004dd3b00000] [id=6812]
  0x00000186c805c510 GCTaskThread "GC Thread#9" [stack: 0x0000004dd3700000,0x0000004dd3800000] [id=23416]
  0x00000186e31fdcd0 ConcurrentGCThread "G1 Main Marker" [stack: 0x0000004dd1c00000,0x0000004dd1d00000] [id=9144]
  0x00000186e31fee90 ConcurrentGCThread "G1 Conc#0" [stack: 0x0000004dd1d00000,0x0000004dd1e00000] [id=10800]
  0x00000186c805ca90 ConcurrentGCThread "G1 Conc#1" [stack: 0x0000004dd3b00000,0x0000004dd3c00000] [id=23392]
  0x00000186c805bf90 ConcurrentGCThread "G1 Conc#2" [stack: 0x0000004dd3c00000,0x0000004dd3d00000] [id=5268]
  0x00000186e322d600 ConcurrentGCThread "G1 Refine#0" [stack: 0x0000004dd1e00000,0x0000004dd1f00000] [id=23084]
  0x00000186c7fbd500 ConcurrentGCThread "G1 Refine#1" [stack: 0x0000004dd3600000,0x0000004dd3700000] [id=5668]
  0x00000186ff19b400 ConcurrentGCThread "G1 Service" [stack: 0x0000004dd1f00000,0x0000004dd2000000] [id=23496]

Threads with active compile tasks:
C2 CompilerThread0  3142917 15374       4       org.hibernate.engine.jdbc.internal.BasicFormatterImpl$FormatProcess::perform (1619 bytes)

VM state: not at safepoint (normal execution)

VM Mutex/Monitor currently owned by a thread: None

Heap address: 0x0000000082a00000, size: 2006 MB, Compressed Oops mode: 32-bit

CDS archive(s) mapped at: [0x0000018682000000-0x0000018682bb0000-0x0000018682bb0000), size 12255232, SharedBaseAddress: 0x0000018682000000, ArchiveRelocationMode: 1.
Compressed class space mapped at: 0x0000018683000000-0x00000186c3000000, reserved size: 1073741824
Narrow klass base: 0x0000018682000000, Narrow klass shift: 0, Narrow klass range: 0x100000000

GC Precious Log:
 CPUs: 12 total, 12 available
 Memory: 8021M
 Large Page Support: Disabled
 NUMA Support: Disabled
 Compressed Oops: Enabled (32-bit)
 Heap Region Size: 1M
 Heap Min Capacity: 8M
 Heap Initial Capacity: 126M
 Heap Max Capacity: 2006M
 Pre-touch: Disabled
 Parallel Workers: 10
 Concurrent Workers: 3
 Concurrent Refinement Workers: 10
 Periodic GC: Disabled

Heap:
 garbage-first heap   total 119808K, used 55145K [0x0000000082a00000, 0x0000000100000000)
  region size 1024K, 6 young (6144K), 1 survivors (1024K)
 Metaspace       used 97390K, committed 98176K, reserved 1179648K
  class space    used 13058K, committed 13504K, reserved 1048576K

Heap Regions: E=young(eden), S=young(survivor), O=old, HS=humongous(starts), HC=humongous(continues), CS=collection set, F=free, OA=open archive, CA=closed archive, TAMS=top-at-mark-start (previous, next)
|   0|0x0000000082a00000, 0x0000000082b00000, 0x0000000082b00000|100%|HS|  |TAMS 0x0000000082b00000, 0x0000000082a00000| Complete 
|   1|0x0000000082b00000, 0x0000000082c00000, 0x0000000082c00000|100%|HS|  |TAMS 0x0000000082c00000, 0x0000000082b00000| Complete 
|   2|0x0000000082c00000, 0x0000000082d00000, 0x0000000082d00000|100%| O|  |TAMS 0x0000000082d00000, 0x0000000082c00000| Untracked 
|   3|0x0000000082d00000, 0x0000000082e00000, 0x0000000082e00000|100%| O|  |TAMS 0x0000000082e00000, 0x0000000082d00000| Untracked 
|   4|0x0000000082e00000, 0x0000000082f00000, 0x0000000082f00000|100%| O|  |TAMS 0x0000000082f00000, 0x0000000082e00000| Untracked 
|   5|0x0000000082f00000, 0x0000000083000000, 0x0000000083000000|100%| O|  |TAMS 0x0000000083000000, 0x0000000082f00000| Untracked 
|   6|0x0000000083000000, 0x0000000083100000, 0x0000000083100000|100%| O|  |TAMS 0x0000000083100000, 0x0000000083000000| Untracked 
|   7|0x0000000083100000, 0x0000000083200000, 0x0000000083200000|100%| O|  |TAMS 0x0000000083200000, 0x0000000083100000| Untracked 
|   8|0x0000000083200000, 0x0000000083300000, 0x0000000083300000|100%| O|  |TAMS 0x0000000083300000, 0x0000000083200000| Untracked 
|   9|0x0000000083300000, 0x0000000083400000, 0x0000000083400000|100%| O|  |TAMS 0x0000000083400000, 0x0000000083300000| Untracked 
|  10|0x0000000083400000, 0x0000000083500000, 0x0000000083500000|100%| O|  |TAMS 0x0000000083500000, 0x0000000083400000| Untracked 
|  11|0x0000000083500000, 0x0000000083600000, 0x0000000083600000|100%| O|  |TAMS 0x0000000083600000, 0x0000000083500000| Untracked 
|  12|0x0000000083600000, 0x0000000083700000, 0x0000000083700000|100%| O|  |TAMS 0x0000000083700000, 0x0000000083600000| Untracked 
|  13|0x0000000083700000, 0x0000000083800000, 0x0000000083800000|100%| O|  |TAMS 0x0000000083800000, 0x0000000083700000| Untracked 
|  14|0x0000000083800000, 0x0000000083900000, 0x0000000083900000|100%| O|  |TAMS 0x0000000083900000, 0x0000000083800000| Untracked 
|  15|0x0000000083900000, 0x0000000083a00000, 0x0000000083a00000|100%| O|  |TAMS 0x0000000083a00000, 0x0000000083900000| Untracked 
|  16|0x0000000083a00000, 0x0000000083b00000, 0x0000000083b00000|100%| O|  |TAMS 0x0000000083b00000, 0x0000000083a00000| Untracked 
|  17|0x0000000083b00000, 0x0000000083c00000, 0x0000000083c00000|100%| O|  |TAMS 0x0000000083c00000, 0x0000000083b00000| Untracked 
|  18|0x0000000083c00000, 0x0000000083d00000, 0x0000000083d00000|100%| O|  |TAMS 0x0000000083ceb400, 0x0000000083c00000| Untracked 
|  19|0x0000000083d00000, 0x0000000083d2ca00, 0x0000000083e00000| 17%| O|  |TAMS 0x0000000083d00000, 0x0000000083d00000| Untracked 
|  20|0x0000000083e00000, 0x0000000083f00000, 0x0000000083f00000|100%| O|  |TAMS 0x0000000083f00000, 0x0000000083e00000| Untracked 
|  21|0x0000000083f00000, 0x0000000084000000, 0x0000000084000000|100%| O|  |TAMS 0x0000000084000000, 0x0000000083f00000| Untracked 
|  22|0x0000000084000000, 0x0000000084100000, 0x0000000084100000|100%| O|  |TAMS 0x0000000084100000, 0x0000000084000000| Untracked 
|  23|0x0000000084100000, 0x0000000084200000, 0x0000000084200000|100%| O|  |TAMS 0x0000000084200000, 0x0000000084100000| Untracked 
|  24|0x0000000084200000, 0x0000000084300000, 0x0000000084300000|100%| O|  |TAMS 0x0000000084300000, 0x0000000084200000| Untracked 
|  25|0x0000000084300000, 0x0000000084400000, 0x0000000084400000|100%| O|  |TAMS 0x0000000084400000, 0x0000000084300000| Untracked 
|  26|0x0000000084400000, 0x0000000084500000, 0x0000000084500000|100%| O|  |TAMS 0x0000000084500000, 0x0000000084400000| Untracked 
|  27|0x0000000084500000, 0x0000000084600000, 0x0000000084600000|100%| O|  |TAMS 0x0000000084600000, 0x0000000084500000| Complete 
|  28|0x0000000084600000, 0x0000000084700000, 0x0000000084700000|100%| O|  |TAMS 0x0000000084700000, 0x0000000084600000| Untracked 
|  29|0x0000000084700000, 0x0000000084800000, 0x0000000084800000|100%| O|  |TAMS 0x0000000084800000, 0x0000000084700000| Untracked 
|  30|0x0000000084800000, 0x0000000084900000, 0x0000000084900000|100%| O|  |TAMS 0x0000000084900000, 0x0000000084800000| Untracked 
|  31|0x0000000084900000, 0x0000000084a00000, 0x0000000084a00000|100%| O|  |TAMS 0x0000000084a00000, 0x0000000084900000| Untracked 
|  32|0x0000000084a00000, 0x0000000084b00000, 0x0000000084b00000|100%| O|  |TAMS 0x0000000084b00000, 0x0000000084a00000| Complete 
|  33|0x0000000084b00000, 0x0000000084c00000, 0x0000000084c00000|100%| O|  |TAMS 0x0000000084c00000, 0x0000000084b00000| Untracked 
|  34|0x0000000084c00000, 0x0000000084d00000, 0x0000000084d00000|100%| O|  |TAMS 0x0000000084d00000, 0x0000000084c00000| Untracked 
|  35|0x0000000084d00000, 0x0000000084d00000, 0x0000000084e00000|  0%| F|  |TAMS 0x0000000084d00000, 0x0000000084d00000| Untracked 
|  36|0x0000000084e00000, 0x0000000084f00000, 0x0000000084f00000|100%| O|  |TAMS 0x0000000084f00000, 0x0000000084e00000| Untracked 
|  37|0x0000000084f00000, 0x0000000085000000, 0x0000000085000000|100%| O|  |TAMS 0x0000000085000000, 0x0000000084f00000| Untracked 
|  38|0x0000000085000000, 0x0000000085100000, 0x0000000085100000|100%| O|  |TAMS 0x0000000085100000, 0x0000000085000000| Untracked 
|  39|0x0000000085100000, 0x0000000085100000, 0x0000000085200000|  0%| F|  |TAMS 0x0000000085100000, 0x0000000085100000| Untracked 
|  40|0x0000000085200000, 0x0000000085300000, 0x0000000085300000|100%| O|  |TAMS 0x0000000085300000, 0x0000000085200000| Untracked 
|  41|0x0000000085300000, 0x0000000085400000, 0x0000000085400000|100%| O|  |TAMS 0x0000000085400000, 0x0000000085300000| Untracked 
|  42|0x0000000085400000, 0x0000000085400000, 0x0000000085500000|  0%| F|  |TAMS 0x0000000085400000, 0x0000000085400000| Untracked 
|  43|0x0000000085500000, 0x0000000085600000, 0x0000000085600000|100%| O|  |TAMS 0x0000000085600000, 0x0000000085500000| Untracked 
|  44|0x0000000085600000, 0x0000000085700000, 0x0000000085700000|100%| O|  |TAMS 0x0000000085700000, 0x0000000085600000| Untracked 
|  45|0x0000000085700000, 0x0000000085800000, 0x0000000085800000|100%| O|  |TAMS 0x0000000085800000, 0x0000000085700000| Untracked 
|  46|0x0000000085800000, 0x0000000085900000, 0x0000000085900000|100%| O|  |TAMS 0x0000000085900000, 0x0000000085800000| Untracked 
|  47|0x0000000085900000, 0x0000000085a00000, 0x0000000085a00000|100%| O|  |TAMS 0x0000000085a00000, 0x0000000085900000| Untracked 
|  48|0x0000000085a00000, 0x0000000085a00000, 0x0000000085b00000|  0%| F|  |TAMS 0x0000000085a00000, 0x0000000085a00000| Untracked 
|  49|0x0000000085b00000, 0x0000000085b00000, 0x0000000085c00000|  0%| F|  |TAMS 0x0000000085b00000, 0x0000000085b00000| Untracked 
|  50|0x0000000085c00000, 0x0000000085d00000, 0x0000000085d00000|100%| O|  |TAMS 0x0000000085d00000, 0x0000000085c00000| Untracked 
|  51|0x0000000085d00000, 0x0000000085d00000, 0x0000000085e00000|  0%| F|  |TAMS 0x0000000085d00000, 0x0000000085d00000| Untracked 
|  52|0x0000000085e00000, 0x0000000085f00000, 0x0000000085f00000|100%| O|  |TAMS 0x0000000085f00000, 0x0000000085e00000| Untracked 
|  53|0x0000000085f00000, 0x0000000085f00000, 0x0000000086000000|  0%| F|  |TAMS 0x0000000085f00000, 0x0000000085f00000| Untracked 
|  54|0x0000000086000000, 0x0000000086000000, 0x0000000086100000|  0%| F|  |TAMS 0x0000000086000000, 0x0000000086000000| Untracked 
|  55|0x0000000086100000, 0x0000000086200000, 0x0000000086200000|100%| O|  |TAMS 0x0000000086200000, 0x0000000086100000| Untracked 
|  56|0x0000000086200000, 0x0000000086300000, 0x0000000086300000|100%| O|  |TAMS 0x0000000086300000, 0x0000000086200000| Untracked 
|  57|0x0000000086300000, 0x0000000086400000, 0x0000000086400000|100%| O|  |TAMS 0x0000000086400000, 0x0000000086300000| Untracked 
|  58|0x0000000086400000, 0x0000000086400000, 0x0000000086500000|  0%| F|  |TAMS 0x0000000086400000, 0x0000000086400000| Untracked 
|  59|0x0000000086500000, 0x0000000086500000, 0x0000000086600000|  0%| F|  |TAMS 0x0000000086500000, 0x0000000086500000| Untracked 
|  60|0x0000000086600000, 0x0000000086600000, 0x0000000086700000|  0%| F|  |TAMS 0x0000000086600000, 0x0000000086600000| Untracked 
|  61|0x0000000086700000, 0x00000000867adcf8, 0x0000000086800000| 67%| S|CS|TAMS 0x0000000086700000, 0x0000000086700000| Complete 
|  62|0x0000000086800000, 0x0000000086800000, 0x0000000086900000|  0%| F|  |TAMS 0x0000000086800000, 0x0000000086800000| Untracked 
|  63|0x0000000086900000, 0x0000000086900000, 0x0000000086a00000|  0%| F|  |TAMS 0x0000000086900000, 0x0000000086900000| Untracked 
|  64|0x0000000086a00000, 0x0000000086a00000, 0x0000000086b00000|  0%| F|  |TAMS 0x0000000086a00000, 0x0000000086a00000| Untracked 
|  65|0x0000000086b00000, 0x0000000086b00000, 0x0000000086c00000|  0%| F|  |TAMS 0x0000000086b00000, 0x0000000086b00000| Untracked 
|  66|0x0000000086c00000, 0x0000000086c00000, 0x0000000086d00000|  0%| F|  |TAMS 0x0000000086c00000, 0x0000000086c00000| Untracked 
|  67|0x0000000086d00000, 0x0000000086d00000, 0x0000000086e00000|  0%| F|  |TAMS 0x0000000086d00000, 0x0000000086d00000| Untracked 
|  68|0x0000000086e00000, 0x0000000086e00000, 0x0000000086f00000|  0%| F|  |TAMS 0x0000000086e00000, 0x0000000086e00000| Untracked 
|  69|0x0000000086f00000, 0x0000000086f00000, 0x0000000087000000|  0%| F|  |TAMS 0x0000000086f00000, 0x0000000086f00000| Untracked 
|  70|0x0000000087000000, 0x0000000087000000, 0x0000000087100000|  0%| F|  |TAMS 0x0000000087000000, 0x0000000087000000| Untracked 
|  71|0x0000000087100000, 0x0000000087100000, 0x0000000087200000|  0%| F|  |TAMS 0x0000000087100000, 0x0000000087100000| Untracked 
|  72|0x0000000087200000, 0x0000000087200000, 0x0000000087300000|  0%| F|  |TAMS 0x0000000087200000, 0x0000000087200000| Untracked 
|  73|0x0000000087300000, 0x0000000087300000, 0x0000000087400000|  0%| F|  |TAMS 0x0000000087300000, 0x0000000087300000| Untracked 
|  74|0x0000000087400000, 0x0000000087400000, 0x0000000087500000|  0%| F|  |TAMS 0x0000000087400000, 0x0000000087400000| Untracked 
|  75|0x0000000087500000, 0x0000000087500000, 0x0000000087600000|  0%| F|  |TAMS 0x0000000087500000, 0x0000000087500000| Untracked 
|  76|0x0000000087600000, 0x0000000087600000, 0x0000000087700000|  0%| F|  |TAMS 0x0000000087600000, 0x0000000087600000| Untracked 
|  77|0x0000000087700000, 0x0000000087700000, 0x0000000087800000|  0%| F|  |TAMS 0x0000000087700000, 0x0000000087700000| Untracked 
|  78|0x0000000087800000, 0x0000000087800000, 0x0000000087900000|  0%| F|  |TAMS 0x0000000087800000, 0x0000000087800000| Untracked 
|  79|0x0000000087900000, 0x0000000087900000, 0x0000000087a00000|  0%| F|  |TAMS 0x0000000087900000, 0x0000000087900000| Untracked 
|  80|0x0000000087a00000, 0x0000000087a00000, 0x0000000087b00000|  0%| F|  |TAMS 0x0000000087a00000, 0x0000000087a00000| Untracked 
|  81|0x0000000087b00000, 0x0000000087b00000, 0x0000000087c00000|  0%| F|  |TAMS 0x0000000087b00000, 0x0000000087b00000| Untracked 
|  82|0x0000000087c00000, 0x0000000087c00000, 0x0000000087d00000|  0%| F|  |TAMS 0x0000000087c00000, 0x0000000087c00000| Untracked 
|  83|0x0000000087d00000, 0x0000000087d00000, 0x0000000087e00000|  0%| F|  |TAMS 0x0000000087d00000, 0x0000000087d00000| Untracked 
|  84|0x0000000087e00000, 0x0000000087e00000, 0x0000000087f00000|  0%| F|  |TAMS 0x0000000087e00000, 0x0000000087e00000| Untracked 
|  85|0x0000000087f00000, 0x0000000087f00000, 0x0000000088000000|  0%| F|  |TAMS 0x0000000087f00000, 0x0000000087f00000| Untracked 
|  86|0x0000000088000000, 0x0000000088000000, 0x0000000088100000|  0%| F|  |TAMS 0x0000000088000000, 0x0000000088000000| Untracked 
|  87|0x0000000088100000, 0x0000000088100000, 0x0000000088200000|  0%| F|  |TAMS 0x0000000088100000, 0x0000000088100000| Untracked 
|  88|0x0000000088200000, 0x0000000088200000, 0x0000000088300000|  0%| F|  |TAMS 0x0000000088200000, 0x0000000088200000| Untracked 
|  89|0x0000000088300000, 0x0000000088300000, 0x0000000088400000|  0%| F|  |TAMS 0x0000000088300000, 0x0000000088300000| Untracked 
|  90|0x0000000088400000, 0x0000000088400000, 0x0000000088500000|  0%| F|  |TAMS 0x0000000088400000, 0x0000000088400000| Untracked 
|  91|0x0000000088500000, 0x0000000088500000, 0x0000000088600000|  0%| F|  |TAMS 0x0000000088500000, 0x0000000088500000| Untracked 
|  92|0x0000000088600000, 0x0000000088600000, 0x0000000088700000|  0%| F|  |TAMS 0x0000000088600000, 0x0000000088600000| Untracked 
|  93|0x0000000088700000, 0x0000000088700000, 0x0000000088800000|  0%| F|  |TAMS 0x0000000088700000, 0x0000000088700000| Untracked 
|  94|0x0000000088800000, 0x0000000088800000, 0x0000000088900000|  0%| F|  |TAMS 0x0000000088800000, 0x0000000088800000| Untracked 
|  95|0x0000000088900000, 0x0000000088900000, 0x0000000088a00000|  0%| F|  |TAMS 0x0000000088900000, 0x0000000088900000| Untracked 
|  96|0x0000000088a00000, 0x0000000088a00000, 0x0000000088b00000|  0%| F|  |TAMS 0x0000000088a00000, 0x0000000088a00000| Untracked 
|  97|0x0000000088b00000, 0x0000000088b00000, 0x0000000088c00000|  0%| F|  |TAMS 0x0000000088b00000, 0x0000000088b00000| Untracked 
|  98|0x0000000088c00000, 0x0000000088c00000, 0x0000000088d00000|  0%| F|  |TAMS 0x0000000088c00000, 0x0000000088c00000| Untracked 
|  99|0x0000000088d00000, 0x0000000088d00000, 0x0000000088e00000|  0%| F|  |TAMS 0x0000000088d00000, 0x0000000088d00000| Untracked 
| 100|0x0000000088e00000, 0x0000000088e00000, 0x0000000088f00000|  0%| F|  |TAMS 0x0000000088e00000, 0x0000000088e00000| Untracked 
| 101|0x0000000088f00000, 0x0000000088f00000, 0x0000000089000000|  0%| F|  |TAMS 0x0000000088f00000, 0x0000000088f00000| Untracked 
| 102|0x0000000089000000, 0x0000000089000000, 0x0000000089100000|  0%| F|  |TAMS 0x0000000089000000, 0x0000000089000000| Untracked 
| 103|0x0000000089100000, 0x0000000089100000, 0x0000000089200000|  0%| F|  |TAMS 0x0000000089100000, 0x0000000089100000| Untracked 
| 104|0x0000000089200000, 0x0000000089200000, 0x0000000089300000|  0%| F|  |TAMS 0x0000000089200000, 0x0000000089200000| Untracked 
| 105|0x0000000089300000, 0x0000000089300000, 0x0000000089400000|  0%| F|  |TAMS 0x0000000089300000, 0x0000000089300000| Untracked 
| 106|0x0000000089400000, 0x0000000089400000, 0x0000000089500000|  0%| F|  |TAMS 0x0000000089400000, 0x0000000089400000| Untracked 
| 107|0x0000000089500000, 0x0000000089500000, 0x0000000089600000|  0%| F|  |TAMS 0x0000000089500000, 0x0000000089500000| Untracked 
| 108|0x0000000089600000, 0x0000000089600000, 0x0000000089700000|  0%| F|  |TAMS 0x0000000089600000, 0x0000000089600000| Untracked 
| 109|0x0000000089700000, 0x0000000089700000, 0x0000000089800000|  0%| F|  |TAMS 0x0000000089700000, 0x0000000089700000| Untracked 
| 110|0x0000000089800000, 0x0000000089800000, 0x0000000089900000|  0%| F|  |TAMS 0x0000000089800000, 0x0000000089800000| Untracked 
| 111|0x0000000089900000, 0x0000000089900000, 0x0000000089a00000|  0%| F|  |TAMS 0x0000000089900000, 0x0000000089900000| Untracked 
| 112|0x0000000089a00000, 0x0000000089a80000, 0x0000000089b00000| 50%| E|  |TAMS 0x0000000089a00000, 0x0000000089a00000| Complete 
| 113|0x0000000089b00000, 0x0000000089c00000, 0x0000000089c00000|100%| E|CS|TAMS 0x0000000089b00000, 0x0000000089b00000| Complete 
| 114|0x0000000089c00000, 0x0000000089d00000, 0x0000000089d00000|100%| E|CS|TAMS 0x0000000089c00000, 0x0000000089c00000| Complete 
| 115|0x0000000089d00000, 0x0000000089e00000, 0x0000000089e00000|100%| E|CS|TAMS 0x0000000089d00000, 0x0000000089d00000| Complete 
| 125|0x000000008a700000, 0x000000008a800000, 0x000000008a800000|100%| E|CS|TAMS 0x000000008a700000, 0x000000008a700000| Complete 

Card table byte_map: [0x00000186fa630000,0x00000186faa20000] _byte_map_base: 0x00000186fa21b000

Marking Bits (Prev, Next): (CMBitMap*) 0x00000186e31ecfb0, (CMBitMap*) 0x00000186e31ecff0
 Prev Bits: [0x00000186fae10000, 0x00000186fcd68000)
 Next Bits: [0x00000186fcd70000, 0x00000186fecc8000)

Polling page: 0x00000186e10b0000

Metaspace:

Usage:
  Non-class:     82.36 MB used.
      Class:     12.75 MB used.
       Both:     95.11 MB used.

Virtual space:
  Non-class space:      128.00 MB reserved,      82.69 MB ( 65%) committed,  2 nodes.
      Class space:        1.00 GB reserved,      13.19 MB (  1%) committed,  1 nodes.
             Both:        1.12 GB reserved,      95.88 MB (  8%) committed. 

Chunk freelists:
   Non-Class:  13.28 MB
       Class:  2.96 MB
        Both:  16.24 MB

MaxMetaspaceSize: unlimited
CompressedClassSpaceSize: 1.00 GB
Initial GC threshold: 21.00 MB
Current GC threshold: 159.69 MB
CDS: on
MetaspaceReclaimPolicy: balanced
 - commit_granule_bytes: 65536.
 - commit_granule_words: 8192.
 - virtual_space_node_default_size: 8388608.
 - enlarge_chunks_in_place: 1.
 - new_chunks_are_fully_committed: 0.
 - uncommit_free_chunks: 1.
 - use_allocation_guard: 0.
 - handle_deallocations: 1.


Internal statistics:

num_allocs_failed_limit: 12.
num_arena_births: 1406.
num_arena_deaths: 452.
num_vsnodes_births: 3.
num_vsnodes_deaths: 0.
num_space_committed: 1534.
num_space_uncommitted: 0.
num_chunks_returned_to_freelist: 546.
num_chunks_taken_from_freelist: 5446.
num_chunk_merges: 187.
num_chunk_splits: 3611.
num_chunks_enlarged: 2642.
num_inconsistent_stats: 0.

CodeHeap 'non-profiled nmethods': size=120000Kb used=8392Kb max_used=8392Kb free=111607Kb
 bounds [0x00000186f27c0000, 0x00000186f3000000, 0x00000186f9cf0000]
CodeHeap 'profiled nmethods': size=120000Kb used=25509Kb max_used=25509Kb free=94490Kb
 bounds [0x00000186eacf0000, 0x00000186ec5e0000, 0x00000186f2220000]
CodeHeap 'non-nmethods': size=5760Kb used=1381Kb max_used=1544Kb free=4378Kb
 bounds [0x00000186f2220000, 0x00000186f2490000, 0x00000186f27c0000]
 total_blobs=13825 nmethods=13105 adapters=631
 compilation: enabled
              stopped_count=0, restarted_count=0
 full_count=0

Compilation events (20 events):
Event: 3141.696 Thread 0x00000186ffa8c230 15376       3       org.hibernate.sql.ast.spi.AbstractSqlAstTranslator::renderTableReferenceJoins (8 bytes)
Event: 3141.697 Thread 0x00000186ffa8c230 nmethod 15376 0x00000186ec5cd210 code [0x00000186ec5cd3c0, 0x00000186ec5cd588]
Event: 3141.697 Thread 0x00000186ffa8c230 15377   !   3       org.hibernate.sql.ast.spi.AbstractSqlAstTranslator::visitGroupByClause (68 bytes)
Event: 3141.697 Thread 0x00000186ffa8c230 nmethod 15377 0x00000186ec5cd690 code [0x00000186ec5cd8c0, 0x00000186ec5cdeb8]
Event: 3141.697 Thread 0x00000186ffa8c230 15378   !   3       org.hibernate.sql.ast.spi.AbstractSqlAstTranslator::visitHavingClause (71 bytes)
Event: 3141.698 Thread 0x00000186ffa8c230 nmethod 15378 0x00000186ec5ce290 code [0x00000186ec5ce4c0, 0x00000186ec5ceb58]
Event: 3141.698 Thread 0x00000186ffa8c230 15379   !   3       org.hibernate.sql.ast.spi.AbstractSqlAstTranslator::renderOrderBy (122 bytes)
Event: 3141.699 Thread 0x00000186ffa8c230 nmethod 15379 0x00000186ec5cee90 code [0x00000186ec5cf140, 0x00000186ec5cff88]
Event: 3141.699 Thread 0x00000186ffa8c230 15380       3       org.hibernate.sql.ast.spi.AbstractSqlAstTranslator::renderCombinedLimitClause (51 bytes)
Event: 3141.700 Thread 0x00000186ffa8c230 nmethod 15380 0x00000186ec5d0610 code [0x00000186ec5d0820, 0x00000186ec5d12d8]
Event: 3141.700 Thread 0x00000186ffa8c230 15381   !   3       org.hibernate.sql.ast.spi.AbstractSqlAstTranslator::renderCombinedLimitClause (163 bytes)
Event: 3141.701 Thread 0x00000186ffa8c230 nmethod 15381 0x00000186ec5d1510 code [0x00000186ec5d1860, 0x00000186ec5d2c98]
Event: 3141.701 Thread 0x00000186ffa8c230 15382       3       org.hibernate.sql.ast.spi.AbstractSqlAstTranslator::visitForUpdateClause (469 bytes)
Event: 3141.705 Thread 0x00000186ffa8c230 nmethod 15382 0x00000186ec5d3490 code [0x00000186ec5d3900, 0x00000186ec5d5e88]
Event: 3141.705 Thread 0x00000186ffa8c230 15384       3       org.hibernate.sql.results.internal.NavigablePathMapToInitializer::logInitializers (179 bytes)
Event: 3141.710 Thread 0x00000186ffa8c230 nmethod 15384 0x00000186ec5d6710 code [0x00000186ec5d6b80, 0x00000186ec5d9298]
Event: 3141.710 Thread 0x00000186ffa8c230 15386       3       org.hibernate.sql.results.jdbc.internal.JdbcValuesMappingResolutionImpl::<init> (12 bytes)
Event: 3141.710 Thread 0x00000186ffa8c230 nmethod 15386 0x00000186ec5d9d90 code [0x00000186ec5d9f60, 0x00000186ec5da2a8]
Event: 3141.717 Thread 0x00000186ffa8c230 15387       1       com.zaxxer.hikari.pool.PoolEntry::isMarkedEvicted (5 bytes)
Event: 3141.717 Thread 0x00000186ffa8c230 nmethod 15387 0x00000186f2ff1e90 code [0x00000186f2ff2020, 0x00000186f2ff20f8]

GC Heap History (20 events):
Event: 2363.609 GC heap before
{Heap before GC invocations=72 (full 0):
 garbage-first heap   total 119808K, used 105427K [0x0000000082a00000, 0x0000000100000000)
  region size 1024K, 53 young (54272K), 1 survivors (1024K)
 Metaspace       used 95764K, committed 96960K, reserved 1179648K
  class space    used 13027K, committed 13504K, reserved 1048576K
}
Event: 2363.614 GC heap after
{Heap after GC invocations=73 (full 0):
 garbage-first heap   total 119808K, used 52228K [0x0000000082a00000, 0x0000000100000000)
  region size 1024K, 1 young (1024K), 1 survivors (1024K)
 Metaspace       used 95764K, committed 96960K, reserved 1179648K
  class space    used 13027K, committed 13504K, reserved 1048576K
}
Event: 2494.671 GC heap before
{Heap before GC invocations=74 (full 0):
 garbage-first heap   total 119808K, used 105476K [0x0000000082a00000, 0x0000000100000000)
  region size 1024K, 53 young (54272K), 1 survivors (1024K)
 Metaspace       used 95742K, committed 96960K, reserved 1179648K
  class space    used 13022K, committed 13504K, reserved 1048576K
}
Event: 2494.672 GC heap after
{Heap after GC invocations=75 (full 0):
 garbage-first heap   total 119808K, used 52203K [0x0000000082a00000, 0x0000000100000000)
  region size 1024K, 1 young (1024K), 1 survivors (1024K)
 Metaspace       used 95742K, committed 96960K, reserved 1179648K
  class space    used 13022K, committed 13504K, reserved 1048576K
}
Event: 2505.075 GC heap before
{Heap before GC invocations=75 (full 0):
 garbage-first heap   total 119808K, used 56299K [0x0000000082a00000, 0x0000000100000000)
  region size 1024K, 5 young (5120K), 1 survivors (1024K)
 Metaspace       used 95742K, committed 96960K, reserved 1179648K
  class space    used 13022K, committed 13504K, reserved 1048576K
}
Event: 2505.085 GC heap after
{Heap after GC invocations=76 (full 0):
 garbage-first heap   total 119808K, used 51304K [0x0000000082a00000, 0x0000000100000000)
  region size 1024K, 1 young (1024K), 1 survivors (1024K)
 Metaspace       used 95742K, committed 96960K, reserved 1179648K
  class space    used 13022K, committed 13504K, reserved 1048576K
}
Event: 2638.705 GC heap before
{Heap before GC invocations=76 (full 0):
 garbage-first heap   total 119808K, used 105576K [0x0000000082a00000, 0x0000000100000000)
  region size 1024K, 54 young (55296K), 1 survivors (1024K)
 Metaspace       used 95778K, committed 96960K, reserved 1179648K
  class space    used 13022K, committed 13504K, reserved 1048576K
}
Event: 2638.708 GC heap after
{Heap after GC invocations=77 (full 0):
 garbage-first heap   total 119808K, used 51309K [0x0000000082a00000, 0x0000000100000000)
  region size 1024K, 1 young (1024K), 1 survivors (1024K)
 Metaspace       used 95778K, committed 96960K, reserved 1179648K
  class space    used 13022K, committed 13504K, reserved 1048576K
}
Event: 2758.997 GC heap before
{Heap before GC invocations=78 (full 0):
 garbage-first heap   total 119808K, used 105581K [0x0000000082a00000, 0x0000000100000000)
  region size 1024K, 54 young (55296K), 1 survivors (1024K)
 Metaspace       used 96272K, committed 97088K, reserved 1179648K
  class space    used 13023K, committed 13504K, reserved 1048576K
}
Event: 2759.006 GC heap after
{Heap after GC invocations=79 (full 0):
 garbage-first heap   total 119808K, used 51320K [0x0000000082a00000, 0x0000000100000000)
  region size 1024K, 1 young (1024K), 1 survivors (1024K)
 Metaspace       used 96272K, committed 97088K, reserved 1179648K
  class space    used 13023K, committed 13504K, reserved 1048576K
}
Event: 2768.557 GC heap before
{Heap before GC invocations=79 (full 0):
 garbage-first heap   total 119808K, used 55416K [0x0000000082a00000, 0x0000000100000000)
  region size 1024K, 5 young (5120K), 1 survivors (1024K)
 Metaspace       used 96272K, committed 97088K, reserved 1179648K
  class space    used 13023K, committed 13504K, reserved 1048576K
}
Event: 2768.576 GC heap after
{Heap after GC invocations=80 (full 0):
 garbage-first heap   total 119808K, used 50612K [0x0000000082a00000, 0x0000000100000000)
  region size 1024K, 1 young (1024K), 1 survivors (1024K)
 Metaspace       used 96272K, committed 97088K, reserved 1179648K
  class space    used 13023K, committed 13504K, reserved 1048576K
}
Event: 2904.245 GC heap before
{Heap before GC invocations=80 (full 0):
 garbage-first heap   total 119808K, used 105908K [0x0000000082a00000, 0x0000000100000000)
  region size 1024K, 55 young (56320K), 1 survivors (1024K)
 Metaspace       used 96277K, committed 97088K, reserved 1179648K
  class space    used 13023K, committed 13504K, reserved 1048576K
}
Event: 2904.251 GC heap after
{Heap after GC invocations=81 (full 0):
 garbage-first heap   total 119808K, used 50603K [0x0000000082a00000, 0x0000000100000000)
  region size 1024K, 1 young (1024K), 1 survivors (1024K)
 Metaspace       used 96277K, committed 97088K, reserved 1179648K
  class space    used 13023K, committed 13504K, reserved 1048576K
}
Event: 3035.754 GC heap before
{Heap before GC invocations=82 (full 0):
 garbage-first heap   total 119808K, used 104875K [0x0000000082a00000, 0x0000000100000000)
  region size 1024K, 54 young (55296K), 1 survivors (1024K)
 Metaspace       used 96282K, committed 97088K, reserved 1179648K
  class space    used 13023K, committed 13504K, reserved 1048576K
}
Event: 3035.756 GC heap after
{Heap after GC invocations=83 (full 0):
 garbage-first heap   total 119808K, used 50837K [0x0000000082a00000, 0x0000000100000000)
  region size 1024K, 1 young (1024K), 1 survivors (1024K)
 Metaspace       used 96282K, committed 97088K, reserved 1179648K
  class space    used 13023K, committed 13504K, reserved 1048576K
}
Event: 3045.463 GC heap before
{Heap before GC invocations=83 (full 0):
 garbage-first heap   total 119808K, used 54933K [0x0000000082a00000, 0x0000000100000000)
  region size 1024K, 5 young (5120K), 1 survivors (1024K)
 Metaspace       used 96282K, committed 97088K, reserved 1179648K
  class space    used 13023K, committed 13504K, reserved 1048576K
}
Event: 3045.472 GC heap after
{Heap after GC invocations=84 (full 0):
 garbage-first heap   total 119808K, used 50543K [0x0000000082a00000, 0x0000000100000000)
  region size 1024K, 1 young (1024K), 1 survivors (1024K)
 Metaspace       used 96282K, committed 97088K, reserved 1179648K
  class space    used 13023K, committed 13504K, reserved 1048576K
}
Event: 3139.478 GC heap before
{Heap before GC invocations=84 (full 0):
 garbage-first heap   total 119808K, used 104815K [0x0000000082a00000, 0x0000000100000000)
  region size 1024K, 55 young (56320K), 1 survivors (1024K)
 Metaspace       used 97335K, committed 98112K, reserved 1179648K
  class space    used 13059K, committed 13504K, reserved 1048576K
}
Event: 3139.489 GC heap after
{Heap after GC invocations=85 (full 0):
 garbage-first heap   total 119808K, used 51049K [0x0000000082a00000, 0x0000000100000000)
  region size 1024K, 1 young (1024K), 1 survivors (1024K)
 Metaspace       used 97335K, committed 98112K, reserved 1179648K
  class space    used 13059K, committed 13504K, reserved 1048576K
}

Dll operation events (12 events):
Event: 0.173 Loaded shared library C:\Program Files\Amazon Corretto\jdk17.0.17_10\bin\java.dll
Event: 0.202 Loaded shared library C:\Program Files\Amazon Corretto\jdk17.0.17_10\bin\jsvml.dll
Event: 0.317 Loaded shared library C:\Program Files\Amazon Corretto\jdk17.0.17_10\bin\zip.dll
Event: 0.320 Loaded shared library C:\Program Files\Amazon Corretto\jdk17.0.17_10\bin\instrument.dll
Event: 0.325 Loaded shared library C:\Program Files\Amazon Corretto\jdk17.0.17_10\bin\net.dll
Event: 0.326 Loaded shared library C:\Program Files\Amazon Corretto\jdk17.0.17_10\bin\nio.dll
Event: 0.332 Loaded shared library C:\Program Files\Amazon Corretto\jdk17.0.17_10\bin\zip.dll
Event: 6.141 Loaded shared library C:\Program Files\Amazon Corretto\jdk17.0.17_10\bin\extnet.dll
Event: 6.160 Loaded shared library C:\Program Files\Amazon Corretto\jdk17.0.17_10\bin\jimage.dll
Event: 6.335 Loaded shared library C:\Program Files\Amazon Corretto\jdk17.0.17_10\bin\management.dll
Event: 6.338 Loaded shared library C:\Program Files\Amazon Corretto\jdk17.0.17_10\bin\management_ext.dll
Event: 7.591 Loaded shared library C:\Program Files\Amazon Corretto\jdk17.0.17_10\bin\sunmscapi.dll

Deoptimization events (20 events):
Event: 2679.547 Thread 0x00000186c8bd6df0 DEOPT PACKING pc=0x00000186f2f88fa4 sp=0x0000004dd50f5d00
Event: 2679.547 Thread 0x00000186c8bd6df0 DEOPT UNPACKING pc=0x00000186f22769a3 sp=0x0000004dd50f5cd0 mode 2
Event: 2686.347 Thread 0x00000186c8bd54a0 DEOPT PACKING pc=0x00000186ebc1659e sp=0x0000004dd48f49f0
Event: 2686.348 Thread 0x00000186c8bd54a0 DEOPT UNPACKING pc=0x00000186f2277143 sp=0x0000004dd48f4200 mode 0
Event: 3102.615 Thread 0x00000186c8bd8230 DEOPT PACKING pc=0x00000186ead4b31b sp=0x0000004dd4efab80
Event: 3102.616 Thread 0x00000186c8bd8230 DEOPT UNPACKING pc=0x00000186f2277143 sp=0x0000004dd4efa0a0 mode 0
Event: 3102.616 Thread 0x00000186c8bd8230 Uncommon trap: trap_request=0xffffff45 fr.pc=0x00000186f27d9684 relative=0x0000000000000064
Event: 3102.616 Thread 0x00000186c8bd8230 Uncommon trap: reason=unstable_if action=reinterpret pc=0x00000186f27d9684 method=java.io.WinNTFileSystem.isSlash(C)Z @ 9 c2
Event: 3102.616 Thread 0x00000186c8bd8230 DEOPT PACKING pc=0x00000186f27d9684 sp=0x0000004dd4efaba0
Event: 3102.616 Thread 0x00000186c8bd8230 DEOPT UNPACKING pc=0x00000186f22769a3 sp=0x0000004dd4efab28 mode 2
Event: 3102.666 Thread 0x00000186c8bd8230 DEOPT PACKING pc=0x00000186ebc27586 sp=0x0000004dd4ef5b80
Event: 3102.666 Thread 0x00000186c8bd8230 DEOPT UNPACKING pc=0x00000186f2277143 sp=0x0000004dd4ef50c8 mode 0
Event: 3113.333 Thread 0x00000186c8bd8740 Uncommon trap: trap_request=0xfffffff4 fr.pc=0x00000186f29d3a50 relative=0x0000000000002f70
Event: 3113.333 Thread 0x00000186c8bd8740 Uncommon trap: reason=null_check action=make_not_entrant pc=0x00000186f29d3a50 method=java.util.jar.JarFile.getManifestFromReference()Ljava/util/jar/Manifest; @ 14 c2
Event: 3113.333 Thread 0x00000186c8bd8740 DEOPT PACKING pc=0x00000186f29d3a50 sp=0x0000004dd4cf3580
Event: 3113.333 Thread 0x00000186c8bd8740 DEOPT UNPACKING pc=0x00000186f22769a3 sp=0x0000004dd4cf3490 mode 2
Event: 3114.959 Thread 0x00000186c8bd7d20 DEOPT PACKING pc=0x00000186ead70f7c sp=0x0000004dd4dfa700
Event: 3114.962 Thread 0x00000186c8bd7d20 DEOPT UNPACKING pc=0x00000186f2277143 sp=0x0000004dd4df9c80 mode 0
Event: 3137.472 Thread 0x00000186c8bd2200 DEOPT PACKING pc=0x00000186eb0475d7 sp=0x0000004dd4afa550
Event: 3137.472 Thread 0x00000186c8bd2200 DEOPT UNPACKING pc=0x00000186f2277143 sp=0x0000004dd4af9a38 mode 0

Classes loaded (20 events):
Event: 57.307 Loading class sun/security/provider/SHA5 done
Event: 57.307 Loading class sun/security/provider/SHA5$SHA512 done
Event: 314.297 Loading class java/util/concurrent/atomic/Striped64$Cell
Event: 314.310 Loading class java/util/concurrent/atomic/Striped64$Cell done
Event: 350.190 Loading class java/io/PushbackInputStream
Event: 350.192 Loading class java/io/PushbackInputStream done
Event: 350.836 Loading class java/math/BigDecimal$StringBuilderHelper
Event: 350.837 Loading class java/math/BigDecimal$StringBuilderHelper done
Event: 1398.486 Loading class java/security/SignatureException
Event: 1398.488 Loading class java/security/SignatureException done
Event: 1398.490 Loading class javax/crypto/NoSuchPaddingException
Event: 1398.492 Loading class javax/crypto/NoSuchPaddingException done
Event: 1398.492 Loading class javax/crypto/IllegalBlockSizeException
Event: 1398.494 Loading class javax/crypto/IllegalBlockSizeException done
Event: 1398.494 Loading class javax/crypto/BadPaddingException
Event: 1398.494 Loading class javax/crypto/BadPaddingException done
Event: 1398.495 Loading class java/security/spec/InvalidKeySpecException
Event: 1398.495 Loading class java/security/spec/InvalidKeySpecException done
Event: 1398.496 Loading class javax/net/ssl/SSLSocket
Event: 1398.498 Loading class javax/net/ssl/SSLSocket done

Classes unloaded (20 events):
Event: 2099.938 Thread 0x00000186ff2e19a0 Unloading class 0x0000018683016400 'java/lang/invoke/LambdaForm$MH+0x0000018683016400'
Event: 2099.938 Thread 0x00000186ff2e19a0 Unloading class 0x0000018683016000 'java/lang/invoke/LambdaForm$MH+0x0000018683016000'
Event: 2099.938 Thread 0x00000186ff2e19a0 Unloading class 0x0000018683015c00 'java/lang/invoke/LambdaForm$MH+0x0000018683015c00'
Event: 2099.938 Thread 0x00000186ff2e19a0 Unloading class 0x0000018683015800 'java/lang/invoke/LambdaForm$MH+0x0000018683015800'
Event: 2099.938 Thread 0x00000186ff2e19a0 Unloading class 0x0000018683015400 'java/lang/invoke/LambdaForm$MH+0x0000018683015400'
Event: 2099.938 Thread 0x00000186ff2e19a0 Unloading class 0x0000018683014c00 'java/lang/invoke/LambdaForm$MH+0x0000018683014c00'
Event: 2099.938 Thread 0x00000186ff2e19a0 Unloading class 0x0000018683014400 'java/lang/invoke/LambdaForm$MH+0x0000018683014400'
Event: 2363.656 Thread 0x00000186ff2e19a0 Unloading class 0x0000018683d16000 'java/lang/invoke/LambdaForm$MH+0x0000018683d16000'
Event: 2363.657 Thread 0x00000186ff2e19a0 Unloading class 0x0000018683d15c00 'java/lang/invoke/LambdaForm$MH+0x0000018683d15c00'
Event: 2363.657 Thread 0x00000186ff2e19a0 Unloading class 0x0000018683d15800 'java/lang/invoke/LambdaForm$MH+0x0000018683d15800'
Event: 2363.657 Thread 0x00000186ff2e19a0 Unloading class 0x0000018683d15400 'java/lang/invoke/LambdaForm$MH+0x0000018683d15400'
Event: 2363.657 Thread 0x00000186ff2e19a0 Unloading class 0x0000018683d15000 'java/lang/invoke/LambdaForm$MH+0x0000018683d15000'
Event: 2363.657 Thread 0x00000186ff2e19a0 Unloading class 0x0000018683d14c00 'java/lang/invoke/LambdaForm$MH+0x0000018683d14c00'
Event: 2363.657 Thread 0x00000186ff2e19a0 Unloading class 0x0000018683d14800 'java/lang/invoke/LambdaForm$MH+0x0000018683d14800'
Event: 2363.657 Thread 0x00000186ff2e19a0 Unloading class 0x0000018683d14400 'java/lang/invoke/LambdaForm$MH+0x0000018683d14400'
Event: 2363.657 Thread 0x00000186ff2e19a0 Unloading class 0x0000018683349800 'java/lang/invoke/LambdaForm$MH+0x0000018683349800'
Event: 2363.657 Thread 0x00000186ff2e19a0 Unloading class 0x0000018683349400 'java/lang/invoke/LambdaForm$MH+0x0000018683349400'
Event: 2363.657 Thread 0x00000186ff2e19a0 Unloading class 0x0000018683017c00 'java/lang/invoke/LambdaForm$MH+0x0000018683017c00'
Event: 3139.583 Thread 0x00000186ff2e19a0 Unloading class 0x0000018683b60800 'jdk/internal/reflect/GeneratedConstructorAccessor71'
Event: 3139.583 Thread 0x00000186ff2e19a0 Unloading class 0x00000186839c8000 'jdk/internal/reflect/GeneratedMethodAccessor25'

Classes redefined (0 events):
No events

Internal exceptions (20 events):
Event: 18.115 Thread 0x00000186ffb74ce0 Implicit null exception at 0x00000186f2e8c900 to 0x00000186f2e8ccac
Event: 18.304 Thread 0x00000186ffb74ce0 Exception <a 'java/lang/IncompatibleClassChangeError'{0x000000008802e618}: Found class java.lang.Object, but interface was expected> (0x000000008802e618) 
thrown [s\src\hotspot\share\interpreter\linkResolver.cpp, line 826]
Event: 18.331 Thread 0x00000186ffb74ce0 Exception <a 'java/lang/NoSuchMethodError'{0x0000000087e76290}: 'void java.lang.invoke.DirectMethodHandle$Holder.invokeStatic(java.lang.Object, java.lang.Object, double)'> (0x0000000087e76290) 
thrown [s\src\hotspot\share\interpreter\linkResolver.cpp, line 759]
Event: 18.342 Thread 0x00000186ffb74ce0 Exception <a 'java/lang/NoSuchMethodError'{0x0000000087ecd708}: 'double java.lang.invoke.DirectMethodHandle$Holder.invokeStatic(java.lang.Object, java.lang.Object, java.lang.Object)'> (0x0000000087ecd708) 
thrown [s\src\hotspot\share\interpreter\linkResolver.cpp, line 759]
Event: 18.368 Thread 0x00000186ffb74ce0 Exception <a 'java/lang/IncompatibleClassChangeError'{0x0000000087d74958}: Found class java.lang.Object, but interface was expected> (0x0000000087d74958) 
thrown [s\src\hotspot\share\interpreter\linkResolver.cpp, line 826]
Event: 18.369 Thread 0x00000186ffb74ce0 Exception <a 'java/lang/NoSuchMethodError'{0x0000000087d82bd8}: 'java.lang.Object java.lang.invoke.DirectMethodHandle$Holder.invokeStaticInit(java.lang.Object, int)'> (0x0000000087d82bd8) 
thrown [s\src\hotspot\share\interpreter\linkResolver.cpp, line 759]
Event: 18.372 Thread 0x00000186ffb74ce0 Exception <a 'java/lang/NoSuchMethodError'{0x0000000087da43f8}: 'void java.lang.invoke.DirectMethodHandle$Holder.invokeSpecial(java.lang.Object, java.lang.Object, int, java.lang.Object, java.lang.Object, java.lang.Object, java.lang.Object)'> (0x0000000087da43f8) 
thrown [s\src\hotspot\share\interpreter\linkResolver.cpp, line 759]
Event: 18.372 Thread 0x00000186ffb74ce0 Exception <a 'java/lang/NoSuchMethodError'{0x0000000087dac188}: 'java.lang.Object java.lang.invoke.DirectMethodHandle$Holder.newInvokeSpecial(java.lang.Object, java.lang.Object, int, java.lang.Object, java.lang.Object)'> (0x0000000087dac188) 
thrown [s\src\hotspot\share\interpreter\linkResolver.cpp, line 759]
Event: 18.433 Thread 0x00000186ffb74ce0 Exception <a 'java/lang/IncompatibleClassChangeError'{0x00000000878e9c68}: Found class java.lang.Object, but interface was expected> (0x00000000878e9c68) 
thrown [s\src\hotspot\share\interpreter\linkResolver.cpp, line 826]
Event: 24.109 Thread 0x00000186ffb747d0 Exception <a 'java/lang/NoSuchMethodError'{0x000000008a7890a0}: 'long java.lang.invoke.DirectMethodHandle$Holder.invokeStatic(java.lang.Object, java.lang.Object, java.lang.Object)'> (0x000000008a7890a0) 
thrown [s\src\hotspot\share\interpreter\linkResolver.cpp, line 759]
Event: 41.501 Thread 0x00000186c8bd63d0 Exception <a 'java/lang/NoSuchMethodError'{0x0000000089615630}: 'java.lang.Object java.lang.invoke.DirectMethodHandle$Holder.invokeStaticInit(java.lang.Object, java.lang.Object, java.lang.Object, int, int)'> (0x0000000089615630) 
thrown [s\src\hotspot\share\interpreter\linkResolver.cpp, line 759]
Event: 46.161 Thread 0x00000186c8bd4f90 Exception <a 'java/lang/NoSuchMethodError'{0x0000000089383e20}: 'java.lang.Object java.lang.invoke.DirectMethodHandle$Holder.invokeSpecial(java.lang.Object, java.lang.Object, java.lang.Object, java.lang.Object, java.lang.Object, long)'> (0x0000000089383e20) 
thrown [s\src\hotspot\share\interpreter\linkResolver.cpp, line 759]
Event: 46.161 Thread 0x00000186c8bd4f90 Exception <a 'java/lang/NoSuchMethodError'{0x0000000089387818}: 'java.lang.Object java.lang.invoke.Invokers$Holder.linkToTargetMethod(java.lang.Object, java.lang.Object, java.lang.Object, long, java.lang.Object)'> (0x0000000089387818) 
thrown [s\src\hotspot\share\interpreter\linkResolver.cpp, line 759]
Event: 46.373 Thread 0x00000186c8bd54a0 Exception <a 'java/lang/IncompatibleClassChangeError'{0x0000000088d5ca08}: Found class java.lang.Object, but interface was expected> (0x0000000088d5ca08) 
thrown [s\src\hotspot\share\interpreter\linkResolver.cpp, line 826]
Event: 46.390 Thread 0x00000186c8bd54a0 Exception <a 'java/lang/IncompatibleClassChangeError'{0x0000000088df88b8}: Found class java.lang.Object, but interface was expected> (0x0000000088df88b8) 
thrown [s\src\hotspot\share\interpreter\linkResolver.cpp, line 826]
Event: 46.423 Thread 0x00000186c8bd54a0 Implicit null exception at 0x00000186f2d2fd80 to 0x00000186f2d301d4
Event: 57.297 Thread 0x00000186c8bd8230 Exception <a 'sun/nio/fs/WindowsException'{0x000000008814edb8}> (0x000000008814edb8) 
thrown [s\src\hotspot\share\prims\jni.cpp, line 516]
Event: 350.489 Thread 0x00000186c8bd8230 Implicit null exception at 0x00000186f2a9d5cf to 0x00000186f2a9d718
Event: 350.661 Thread 0x00000186c8bd8c50 Implicit null exception at 0x00000186f2923109 to 0x00000186f29239fc
Event: 3113.333 Thread 0x00000186c8bd8740 Implicit null exception at 0x00000186f29d0cb7 to 0x00000186f29d3a40

VM Operations (20 events):
Event: 3115.333 Executing VM operation: Cleanup
Event: 3115.333 Executing VM operation: Cleanup done
Event: 3127.436 Executing VM operation: Cleanup
Event: 3127.436 Executing VM operation: Cleanup done
Event: 3135.516 Executing VM operation: Cleanup
Event: 3135.516 Executing VM operation: Cleanup done
Event: 3137.534 Executing VM operation: Cleanup
Event: 3137.534 Executing VM operation: Cleanup done
Event: 3138.546 Executing VM operation: Cleanup
Event: 3138.546 Executing VM operation: Cleanup done
Event: 3139.475 Executing VM operation: G1CollectForAllocation
Event: 3139.489 Executing VM operation: G1CollectForAllocation done
Event: 3139.582 Executing VM operation: G1PauseRemark
Event: 3139.716 Executing VM operation: G1PauseRemark done
Event: 3139.734 Executing VM operation: G1PauseCleanup
Event: 3139.748 Executing VM operation: G1PauseCleanup done
Event: 3140.748 Executing VM operation: Cleanup
Event: 3140.748 Executing VM operation: Cleanup done
Event: 3141.749 Executing VM operation: Cleanup
Event: 3141.749 Executing VM operation: Cleanup done

Memory protections (0 events):
No events

Nmethod flushes (20 events):
Event: 46.335 Thread 0x00000186ffa94830 flushing  nmethod 0x00000186ebed7790
Event: 46.335 Thread 0x00000186ffa94830 flushing  nmethod 0x00000186ebedf210
Event: 46.335 Thread 0x00000186ffa94830 flushing  nmethod 0x00000186ebedf510
Event: 46.335 Thread 0x00000186ffa94830 flushing  nmethod 0x00000186ebedfe10
Event: 46.335 Thread 0x00000186ffa94830 flushing  nmethod 0x00000186ebeec810
Event: 46.335 Thread 0x00000186ffa94830 flushing  nmethod 0x00000186ebeecf10
Event: 46.335 Thread 0x00000186ffa94830 flushing  nmethod 0x00000186ebeed610
Event: 46.335 Thread 0x00000186ffa94830 flushing  nmethod 0x00000186ebefb290
Event: 46.335 Thread 0x00000186ffa94830 flushing  nmethod 0x00000186ebefb890
Event: 46.335 Thread 0x00000186ffa94830 flushing osr nmethod 0x00000186ebefc810
Event: 46.336 Thread 0x00000186ffa94830 flushing  nmethod 0x00000186ebf1f790
Event: 46.336 Thread 0x00000186ffa94830 flushing  nmethod 0x00000186ebf21910
Event: 46.336 Thread 0x00000186ffa94830 flushing  nmethod 0x00000186ebf26490
Event: 46.336 Thread 0x00000186ffa94830 flushing  nmethod 0x00000186ebf28690
Event: 3109.281 Thread 0x00000186ffa94830 flushing  nmethod 0x00000186f2890610
Event: 3109.281 Thread 0x00000186ffa94830 flushing  nmethod 0x00000186f28a8990
Event: 3109.317 Thread 0x00000186ffa94830 flushing  nmethod 0x00000186ead9ef10
Event: 3109.319 Thread 0x00000186ffa94830 flushing  nmethod 0x00000186eae12290
Event: 3109.320 Thread 0x00000186ffa94830 flushing  nmethod 0x00000186eae5cc10
Event: 3109.354 Thread 0x00000186ffa94830 flushing  nmethod 0x00000186eb562990

Events (20 events):
Event: 1752.358 Thread 0x00000186c8bd2c20 Thread added: 0x00000186ffb73db0
Event: 1752.360 Thread 0x00000186ffb73db0 Thread added: 0x00000186ffb742c0
Event: 1757.363 Thread 0x00000186ffb73db0 Thread exited: 0x00000186ffb73db0
Event: 1757.424 Thread 0x00000186ffb742c0 Thread exited: 0x00000186ffb742c0
Event: 2954.233 Thread 0x00000186c8bd2c20 Thread added: 0x00000186ffb74ce0
Event: 2954.254 Thread 0x00000186ffb74ce0 Thread added: 0x00000186ffb71f50
Event: 2959.267 Thread 0x00000186ffb74ce0 Thread exited: 0x00000186ffb74ce0
Event: 2959.375 Thread 0x00000186ffb71f50 Thread exited: 0x00000186ffb71f50
Event: 2997.375 Thread 0x00000186c8bd2c20 Thread added: 0x00000186ffb74ce0
Event: 2997.376 Thread 0x00000186ffb74ce0 Thread added: 0x00000186ffb71f50
Event: 3002.378 Thread 0x00000186ffb74ce0 Thread exited: 0x00000186ffb74ce0
Event: 3002.424 Thread 0x00000186ffb71f50 Thread exited: 0x00000186ffb71f50
Event: 3012.278 Thread 0x00000186c8bd2c20 Thread added: 0x00000186ffb74ce0
Event: 3012.279 Thread 0x00000186ffb74ce0 Thread added: 0x00000186ffb71f50
Event: 3017.283 Thread 0x00000186ffb74ce0 Thread exited: 0x00000186ffb74ce0
Event: 3017.330 Thread 0x00000186ffb71f50 Thread exited: 0x00000186ffb71f50
Event: 3070.329 Thread 0x00000186c8bd2c20 Thread added: 0x00000186ffb74ce0
Event: 3070.332 Thread 0x00000186ffb74ce0 Thread added: 0x00000186ffb71f50
Event: 3075.342 Thread 0x00000186ffb74ce0 Thread exited: 0x00000186ffb74ce0
Event: 3075.389 Thread 0x00000186ffb71f50 Thread exited: 0x00000186ffb71f50


Dynamic libraries:
0x00007ff7c1950000 - 0x00007ff7c195e000 	C:\Program Files\Amazon Corretto\jdk17.0.17_10\bin\java.exe
0x00007fff6da60000 - 0x00007fff6dcc7000 	C:\WINDOWS\SYSTEM32\ntdll.dll
0x00007fff278e0000 - 0x00007fff27900000 	C:\Program Files\Avast Software\Avast\aswhook.dll
0x00007fff6b8c0000 - 0x00007fff6b989000 	C:\WINDOWS\System32\KERNEL32.DLL
0x00007fff6abb0000 - 0x00007fff6af9f000 	C:\WINDOWS\System32\KERNELBASE.dll
0x00007fff6b330000 - 0x00007fff6b47b000 	C:\WINDOWS\System32\ucrtbase.dll
0x00007fff65cf0000 - 0x00007fff65d08000 	C:\Program Files\Amazon Corretto\jdk17.0.17_10\bin\jli.dll
0x00007fff65da0000 - 0x00007fff65dbe000 	C:\Program Files\Amazon Corretto\jdk17.0.17_10\bin\VCRUNTIME140.dll
0x00007fff6d620000 - 0x00007fff6d7e5000 	C:\WINDOWS\System32\USER32.dll
0x00007fff6b5f0000 - 0x00007fff6b617000 	C:\WINDOWS\System32\win32u.dll
0x00007fff6bb80000 - 0x00007fff6bbab000 	C:\WINDOWS\System32\GDI32.dll
0x00007fff6b6d0000 - 0x00007fff6b7fc000 	C:\WINDOWS\System32\gdi32full.dll
0x00007fff6b280000 - 0x00007fff6b323000 	C:\WINDOWS\System32\msvcp_win.dll
0x00007fff524e0000 - 0x00007fff52773000 	C:\WINDOWS\WinSxS\amd64_microsoft.windows.common-controls_6595b64144ccf1df_6.0.26100.7309_none_3e05feeae336a044\COMCTL32.dll
0x00007fff6d2b0000 - 0x00007fff6d359000 	C:\WINDOWS\System32\msvcrt.dll
0x00007fff6bbb0000 - 0x00007fff6bbe1000 	C:\WINDOWS\System32\IMM32.DLL
0x00007fff65d90000 - 0x00007fff65d9c000 	C:\Program Files\Amazon Corretto\jdk17.0.17_10\bin\vcruntime140_1.dll
0x00007fff5a300000 - 0x00007fff5a389000 	C:\Program Files\Amazon Corretto\jdk17.0.17_10\bin\msvcp140.dll
0x00007ffefdf70000 - 0x00007ffefebe4000 	C:\Program Files\Amazon Corretto\jdk17.0.17_10\bin\server\jvm.dll
0x00007fff6d360000 - 0x00007fff6d414000 	C:\WINDOWS\System32\ADVAPI32.dll
0x00007fff6c160000 - 0x00007fff6c206000 	C:\WINDOWS\System32\sechost.dll
0x00007fff6c2a0000 - 0x00007fff6c3b8000 	C:\WINDOWS\System32\RPCRT4.dll
0x00007fff6d9a0000 - 0x00007fff6da14000 	C:\WINDOWS\System32\WS2_32.dll
0x00007fff6aa10000 - 0x00007fff6aa6e000 	C:\WINDOWS\SYSTEM32\POWRPROF.dll
0x00007fff5adf0000 - 0x00007fff5ae25000 	C:\WINDOWS\SYSTEM32\WINMM.dll
0x00007fff63c00000 - 0x00007fff63c0b000 	C:\WINDOWS\SYSTEM32\VERSION.dll
0x00007fff6a9f0000 - 0x00007fff6aa04000 	C:\WINDOWS\SYSTEM32\UMPDC.dll
0x00007fff69960000 - 0x00007fff6997b000 	C:\WINDOWS\SYSTEM32\kernel.appcore.dll
0x00007fff65ce0000 - 0x00007fff65cea000 	C:\Program Files\Amazon Corretto\jdk17.0.17_10\bin\jimage.dll
0x00007fff5e110000 - 0x00007fff5e352000 	C:\WINDOWS\SYSTEM32\DBGHELP.DLL
0x00007fff6c3c0000 - 0x00007fff6c745000 	C:\WINDOWS\System32\combase.dll
0x00007fff6cef0000 - 0x00007fff6cfc6000 	C:\WINDOWS\System32\OLEAUT32.dll
0x00007fff5e0d0000 - 0x00007fff5e10c000 	C:\WINDOWS\SYSTEM32\dbgcore.DLL
0x00007fff6b620000 - 0x00007fff6b6c5000 	C:\WINDOWS\System32\bcryptPrimitives.dll
0x00007fff5b3c0000 - 0x00007fff5b3cf000 	C:\Program Files\Amazon Corretto\jdk17.0.17_10\bin\instrument.dll
0x00007fff65c60000 - 0x00007fff65c86000 	C:\Program Files\Amazon Corretto\jdk17.0.17_10\bin\java.dll
0x00007fff51bf0000 - 0x00007fff51cc7000 	C:\Program Files\Amazon Corretto\jdk17.0.17_10\bin\jsvml.dll
0x00007fff6c780000 - 0x00007fff6ced3000 	C:\WINDOWS\System32\SHELL32.dll
0x00007fff6b480000 - 0x00007fff6b5ea000 	C:\WINDOWS\System32\wintypes.dll
0x00007fff687f0000 - 0x00007fff6904e000 	C:\WINDOWS\SYSTEM32\windows.storage.dll
0x00007fff6cfd0000 - 0x00007fff6d0c5000 	C:\WINDOWS\System32\SHCORE.dll
0x00007fff6d5b0000 - 0x00007fff6d616000 	C:\WINDOWS\System32\shlwapi.dll
0x00007fff6aad0000 - 0x00007fff6aaf9000 	C:\WINDOWS\SYSTEM32\profapi.dll
0x00007fff64f30000 - 0x00007fff64f48000 	C:\Program Files\Amazon Corretto\jdk17.0.17_10\bin\zip.dll
0x00007fff65cc0000 - 0x00007fff65cdb000 	C:\Program Files\Amazon Corretto\jdk17.0.17_10\bin\net.dll
0x00007fff64a00000 - 0x00007fff64b28000 	C:\WINDOWS\SYSTEM32\WINHTTP.dll
0x00007fff69ed0000 - 0x00007fff69f3b000 	C:\WINDOWS\system32\mswsock.dll
0x00007fff65c40000 - 0x00007fff65c56000 	C:\Program Files\Amazon Corretto\jdk17.0.17_10\bin\nio.dll
0x00007fff5ad70000 - 0x00007fff5ad79000 	C:\Program Files\Amazon Corretto\jdk17.0.17_10\bin\extnet.dll
0x00007fff5ad60000 - 0x00007fff5ad6a000 	C:\Program Files\Amazon Corretto\jdk17.0.17_10\bin\management.dll
0x00007fff5ad10000 - 0x00007fff5ad1c000 	C:\Program Files\Amazon Corretto\jdk17.0.17_10\bin\management_ext.dll
0x00007fff6cee0000 - 0x00007fff6cee8000 	C:\WINDOWS\System32\PSAPI.DLL
0x00007fff5b3b0000 - 0x00007fff5b3be000 	C:\Program Files\Amazon Corretto\jdk17.0.17_10\bin\sunmscapi.dll
0x00007fff6b100000 - 0x00007fff6b277000 	C:\WINDOWS\System32\CRYPT32.dll
0x00007fff6a3b0000 - 0x00007fff6a3e0000 	C:\WINDOWS\SYSTEM32\ncrypt.dll
0x00007fff6a360000 - 0x00007fff6a39f000 	C:\WINDOWS\SYSTEM32\NTASN1.dll
0x00007fff6a190000 - 0x00007fff6a1ab000 	C:\WINDOWS\SYSTEM32\CRYPTSP.dll
0x00007fff698c0000 - 0x00007fff698fa000 	C:\WINDOWS\system32\rsaenh.dll
0x00007fff69f80000 - 0x00007fff69fab000 	C:\WINDOWS\SYSTEM32\USERENV.dll
0x00007fff6aaa0000 - 0x00007fff6aaca000 	C:\WINDOWS\SYSTEM32\bcrypt.dll
0x00007fff6a1b0000 - 0x00007fff6a1bc000 	C:\WINDOWS\SYSTEM32\CRYPTBASE.dll
0x00007fff69370000 - 0x00007fff693a4000 	C:\WINDOWS\SYSTEM32\IPHLPAPI.DLL
0x00007fff6d7f0000 - 0x00007fff6d7fa000 	C:\WINDOWS\System32\NSI.dll
0x00007fff64690000 - 0x00007fff646ae000 	C:\WINDOWS\SYSTEM32\dhcpcsvc6.DLL
0x00007fff64660000 - 0x00007fff64683000 	C:\WINDOWS\SYSTEM32\dhcpcsvc.DLL
0x00007fff693b0000 - 0x00007fff694dc000 	C:\WINDOWS\SYSTEM32\DNSAPI.dll
0x00007fff61b60000 - 0x00007fff61b6b000 	C:\Windows\System32\rasadhlp.dll
0x00007fff62000000 - 0x00007fff62086000 	C:\WINDOWS\System32\fwpuclnt.dll
0x00007ffec4310000 - 0x00007ffec4318000 	C:\WINDOWS\system32\wshunix.dll

dbghelp: loaded successfully - version: 4.0.5 - missing functions: none
symbol engine: initialized successfully - sym options: 0x614 - pdb path: .;C:\Program Files\Amazon Corretto\jdk17.0.17_10\bin;C:\WINDOWS\SYSTEM32;C:\Program Files\Avast Software\Avast;C:\WINDOWS\WinSxS\amd64_microsoft.windows.common-controls_6595b64144ccf1df_6.0.26100.7309_none_3e05feeae336a044;C:\Program Files\Amazon Corretto\jdk17.0.17_10\bin\server

VM Arguments:
jvm_args: -javaagent:D:\IntelliJ IDEA Community Edition 2025.2.4\lib\idea_rt.jar=51610 -Dfile.encoding=UTF-8 
java_command: com.My.Spring_Final_Project.SpringFinalProjectApplication
java_class_path (initial): D:\FINAL_PROJECT_19_12_25\FINAL\FINAL_30_12_25\Spring_Final_Project\target\classes;C:\Users\h\.m2\repository\org\springframework\boot\spring-boot-starter-actuator\3.5.8\spring-boot-starter-actuator-3.5.8.jar;C:\Users\h\.m2\repository\org\springframework\boot\spring-boot-starter\3.5.8\spring-boot-starter-3.5.8.jar;C:\Users\h\.m2\repository\org\springframework\boot\spring-boot-starter-logging\3.5.8\spring-boot-starter-logging-3.5.8.jar;C:\Users\h\.m2\repository\ch\qos\logback\logback-classic\1.5.21\logback-classic-1.5.21.jar;C:\Users\h\.m2\repository\ch\qos\logback\logback-core\1.5.21\logback-core-1.5.21.jar;C:\Users\h\.m2\repository\org\apache\logging\log4j\log4j-to-slf4j\2.24.3\log4j-to-slf4j-2.24.3.jar;C:\Users\h\.m2\repository\org\apache\logging\log4j\log4j-api\2.24.3\log4j-api-2.24.3.jar;C:\Users\h\.m2\repository\org\slf4j\jul-to-slf4j\2.0.17\jul-to-slf4j-2.0.17.jar;C:\Users\h\.m2\repository\jakarta\annotation\jakarta.annotation-api\2.1.1\jakarta.annotation-api-2.1.1.jar;C:\Users\h\.m2\repository\org\yaml\snakeyaml\2.4\snakeyaml-2.4.jar;C:\Users\h\.m2\repository\org\springframework\boot\spring-boot-actuator-autoconfigure\3.5.8\spring-boot-actuator-autoconfigure-3.5.8.jar;C:\Users\h\.m2\repository\org\springframework\boot\spring-boot-actuator\3.5.8\spring-boot-actuator-3.5.8.jar;C:\Users\h\.m2\repository\com\fasterxml\jackson\datatype\jackson-datatype-jsr310\2.19.4\jackson-datatype-jsr310-2.19.4.jar;C:\Users\h\.m2\repository\io\micrometer\micrometer-observation\1.15.6\micrometer-observation-1.15.6.jar;C:\Users\h\.m2\repository\io\micrometer\micrometer-commons\1.15.6\micrometer-commons-1.15.6.jar;C:\Users\h\.m2\repository\io\micrometer\micrometer-jakarta9\1.15.6\micrometer-jakarta9-1.15.6.jar;C:\Users\h\.m2\repository\io\micrometer\micrometer-core\1.15.6\micrometer-core-1.15.6.jar;C:\Users\h\.m2\repository\org\hdrhistogram\HdrHistogram\2.2.2\HdrHistogram-2.2.2.jar;C:\Users\h\.m2\repository\org\latencyutils\LatencyUtils\2.0.3\LatencyUtil
Launcher Type: SUN_STANDARD

[Global flags]
     intx CICompilerCount                          = 4                                         {product} {ergonomic}
     uint ConcGCThreads                            = 3                                         {product} {ergonomic}
     uint G1ConcRefinementThreads                  = 10                                        {product} {ergonomic}
   size_t G1HeapRegionSize                         = 1048576                                   {product} {ergonomic}
    uintx GCDrainStackTargetSize                   = 64                                        {product} {ergonomic}
   size_t InitialHeapSize                          = 132120576                                 {product} {ergonomic}
   size_t MarkStackSize                            = 4194304                                   {product} {ergonomic}
   size_t MaxHeapSize                              = 2103443456                                {product} {ergonomic}
   size_t MaxNewSize                               = 1261436928                                {product} {ergonomic}
   size_t MinHeapDeltaBytes                        = 1048576                                   {product} {ergonomic}
   size_t MinHeapSize                              = 8388608                                   {product} {ergonomic}
    uintx NonNMethodCodeHeapSize                   = 5839372                                {pd product} {ergonomic}
    uintx NonProfiledCodeHeapSize                  = 122909434                              {pd product} {ergonomic}
    uintx ProfiledCodeHeapSize                     = 122909434                              {pd product} {ergonomic}
    uintx ReservedCodeCacheSize                    = 251658240                              {pd product} {ergonomic}
     bool SegmentedCodeCache                       = true                                      {product} {ergonomic}
   size_t SoftMaxHeapSize                          = 2103443456                             {manageable} {ergonomic}
     bool UseCompressedClassPointers               = true                           {product lp64_product} {ergonomic}
     bool UseCompressedOops                        = true                           {product lp64_product} {ergonomic}
     bool UseG1GC                                  = true                                      {product} {ergonomic}
     bool UseLargePagesIndividualAllocation        = false                                  {pd product} {ergonomic}

Logging:
Log output configuration:
 #0: stdout all=warning uptime,level,tags
 #1: stderr all=off uptime,level,tags

Environment Variables:
JAVA_HOME=C:\Program Files\Amazon Corretto\jdk17.0.17_10
PATH=C:\Program Files\Amazon Corretto\jdk17.0.17_10\bin;D:\Java_Software\WINDOWS.X64_193000_db_home\bin;C:\Program Files\Common Files\Oracle\Java\javapath;C:\WINDOWS\system32;C:\WINDOWS;C:\WINDOWS\System32\Wbem;C:\WINDOWS\System32\WindowsPowerShell\v1.0\;C:\WINDOWS\System32\OpenSSH\;C:\Program Files\Java\jdk-21\bin;D:\GitHub\Git\cmd;D:\Java_Software\Angular_20_10_25\nvm-setup\nvm;D:\Java_Software\Angular_20_10_25\nvm-setup\nodejs;C:\Users\h\AppData\Local\Microsoft\WindowsApps;C:\Users\h\AppData\Local\Programs\Microsoft VS Code\bin;D:\Java_Software\Angular_20_10_25\nvm-setup\nvm;D:\Java_Software\Angular_20_10_25\nvm-setup\nodejs;D:\IntelliJ IDEA Community Edition 2025.2.4\bin
USERNAME=h
OS=Windows_NT
PROCESSOR_IDENTIFIER=Intel64 Family 6 Model 165 Stepping 3, GenuineIntel
TMP=C:\Users\h\AppData\Local\Temp
TEMP=C:\Users\h\AppData\Local\Temp



Periodic native trim disabled


---------------  S Y S T E M  ---------------

OS:
 Windows 11 , 64 bit Build 26100 (10.0.26100.7309)
OS uptime: 1 days 14:11 hours

CPU: total 12 (initial active 12) (6 cores per cpu, 2 threads per core) family 6 model 165 stepping 3 microcode 0xea, cx8, cmov, fxsr, ht, mmx, 3dnowpref, sse, sse2, sse3, ssse3, sse4.1, sse4.2, popcnt, lzcnt, tsc, tscinvbit, avx, avx2, aes, erms, clmul, bmi1, bmi2, adx, fma, vzeroupper, clflush, clflushopt
Processor Information for all 12 processors :
  Max Mhz: 2904, Current Mhz: 2904, Mhz Limit: 2904

Memory: 4k page, system-wide physical 8021M (598M free)
TotalPageFile size 23119M (AvailPageFile size 69M)
current process WorkingSet (physical memory assigned to process): 280M, peak: 396M
current process commit charge ("private bytes"): 410M, peak: 438M

vm_info: OpenJDK 64-Bit Server VM (17.0.17+10-LTS) for windows-amd64 JRE (17.0.17+10-LTS), built on Oct 16 2025 05:23:10 by "Administrator" with unknown MS VC++:1944

END.
