#
# There is insufficient memory for the Java Runtime Environment to continue.
# Native memory allocation (malloc) failed to allocate 1066256 bytes. Error detail: Chunk::new
# Possible reasons:
#   The system is out of physical RAM or swap space
#   This process is running with CompressedOops enabled, and the Java Heap may be blocking the growth of the native heap
# Possible solutions:
#   Reduce memory load on the system
#   Increase physical memory or swap space
#   Check if swap backing store is full
#   Decrease Java heap size (-Xmx/-Xms)
#   Decrease number of Java threads
#   Decrease Java thread stack sizes (-Xss)
#   Set larger code cache with -XX:ReservedCodeCacheSize=
#   JVM is running with Unscaled Compressed Oops mode in which the Java heap is
#     placed in the first 4GB address space. The Java Heap base address is the
#     maximum limit for the native heap growth. Please use -XX:HeapBaseMinAddress
#     to set the Java Heap base and to place the Java Heap above 4GB virtual address.
# This output file may be truncated or incomplete.
#
#  Out of Memory Error (arena.cpp:191), pid=20864, tid=22408
#
# JRE version: OpenJDK Runtime Environment Corretto-17.0.17.10.1 (17.0.17+10) (build 17.0.17+10-LTS)
# Java VM: OpenJDK 64-Bit Server VM Corretto-17.0.17.10.1 (17.0.17+10-LTS, mixed mode, sharing, tiered, compressed oops, compressed class ptrs, g1 gc, windows-amd64)
# No core dump will be written. Minidumps are not enabled by default on client versions of Windows
#

---------------  S U M M A R Y ------------

Command Line: -javaagent:D:\IntelliJ IDEA Community Edition 2025.2.4\lib\idea_rt.jar=63840 -Dfile.encoding=UTF-8 com.My.Spring_Final_Project.SpringFinalProjectApplication

Host: Intel(R) Core(TM) i5-10400 CPU @ 2.90GHz, 12 cores, 7G,  Windows 11 , 64 bit Build 26100 (10.0.26100.7309)
Time: Sun Jan  4 01:45:35 2026 Bangladesh Standard Time elapsed time: 13376.987328 seconds (0d 3h 42m 56s)

---------------  T H R E A D  ---------------

Current thread (0x0000023ce7d213e0):  JavaThread "C2 CompilerThread1" daemon [_thread_in_native, id=22408, stack(0x0000006b73300000,0x0000006b73400000)]


Current CompileTask:
C2:13376987 22660       4       org.springframework.core.type.AnnotatedTypeMetadata::isAnnotated (13 bytes)

Stack: [0x0000006b73300000,0x0000006b73400000]
Native frames: (J=compiled Java code, j=interpreted, Vv=VM code, C=native code)
V  [jvm.dll+0x68afd9]
V  [jvm.dll+0x841c09]
V  [jvm.dll+0x843978]
V  [jvm.dll+0x844003]
V  [jvm.dll+0x24ce4f]
V  [jvm.dll+0xaec76]
V  [jvm.dll+0xaf31c]
V  [jvm.dll+0x36e4ff]
V  [jvm.dll+0x1c0789]
V  [jvm.dll+0x21df00]
V  [jvm.dll+0x21d1ec]
V  [jvm.dll+0x1a8c70]
V  [jvm.dll+0x22d9fb]
V  [jvm.dll+0x22bb86]
V  [jvm.dll+0x7f747b]
V  [jvm.dll+0x7f187c]
V  [jvm.dll+0x689ee7]
C  [ucrtbase.dll+0x37b0]
C  [KERNEL32.DLL+0x2e8d7]
C  [ntdll.dll+0x8c53c]


---------------  P R O C E S S  ---------------

Threads class SMR info:
_java_thread_list=0x0000023cea305f50, length=19, elements={
0x0000023c9fa1fe20, 0x0000023c9fa20ab0, 0x0000023c9fa38e90, 0x0000023c9fa3b860,
0x0000023c9fa3e310, 0x0000023ce5113580, 0x0000023ce5114270, 0x0000023ce511cb90,
0x0000023ce511d980, 0x0000023c9fa0f070, 0x0000023ce5802b90, 0x0000023ce5803070,
0x0000023ce8df0440, 0x0000023ced181440, 0x0000023ced183cc0, 0x0000023cec6c0110,
0x0000023cec6c0620, 0x0000023ce7d213e0, 0x0000023ce7d22e70
}

Java Threads: ( => current thread )
  0x0000023c9fa1fe20 JavaThread "Reference Handler" daemon [_thread_blocked, id=13880, stack(0x0000006b72600000,0x0000006b72700000)]
  0x0000023c9fa20ab0 JavaThread "Finalizer" daemon [_thread_blocked, id=23368, stack(0x0000006b72700000,0x0000006b72800000)]
  0x0000023c9fa38e90 JavaThread "Signal Dispatcher" daemon [_thread_blocked, id=10136, stack(0x0000006b72800000,0x0000006b72900000)]
  0x0000023c9fa3b860 JavaThread "Attach Listener" daemon [_thread_blocked, id=13292, stack(0x0000006b72900000,0x0000006b72a00000)]
  0x0000023c9fa3e310 JavaThread "Service Thread" daemon [_thread_blocked, id=10072, stack(0x0000006b72a00000,0x0000006b72b00000)]
  0x0000023ce5113580 JavaThread "Monitor Deflation Thread" daemon [_thread_blocked, id=16476, stack(0x0000006b72b00000,0x0000006b72c00000)]
  0x0000023ce5114270 JavaThread "C2 CompilerThread0" daemon [_thread_in_native, id=9048, stack(0x0000006b72c00000,0x0000006b72d00000)]
  0x0000023ce511cb90 JavaThread "C1 CompilerThread0" daemon [_thread_blocked, id=21040, stack(0x0000006b72d00000,0x0000006b72e00000)]
  0x0000023ce511d980 JavaThread "Sweeper thread" daemon [_thread_blocked, id=14068, stack(0x0000006b72e00000,0x0000006b72f00000)]
  0x0000023c9fa0f070 JavaThread "Common-Cleaner" daemon [_thread_blocked, id=7264, stack(0x0000006b72f00000,0x0000006b73000000)]
  0x0000023ce5802b90 JavaThread "Monitor Ctrl-Break" daemon [_thread_in_native, id=22148, stack(0x0000006b73000000,0x0000006b73100000)]
  0x0000023ce5803070 JavaThread "Notification Thread" daemon [_thread_blocked, id=13036, stack(0x0000006b73100000,0x0000006b73200000)]
  0x0000023ce8df0440 JavaThread "mysql-cj-abandoned-connection-cleanup" daemon [_thread_blocked, id=21352, stack(0x0000006b74300000,0x0000006b74400000)]
  0x0000023ced181440 JavaThread "Live Reload Server" daemon [_thread_in_native, id=23168, stack(0x0000006b74c00000,0x0000006b74d00000)]
  0x0000023ced183cc0 JavaThread "DestroyJavaVM" [_thread_blocked, id=5556, stack(0x0000006b71f00000,0x0000006b72000000)]
  0x0000023cec6c0110 JavaThread "Thread-5" [_thread_blocked, id=18604, stack(0x0000006b71c00000,0x0000006b71d00000)]
  0x0000023cec6c0620 JavaThread "restartedMain" [_thread_in_native, id=20044, stack(0x0000006b71d00000,0x0000006b71e00000)]
=>0x0000023ce7d213e0 JavaThread "C2 CompilerThread1" daemon [_thread_in_native, id=22408, stack(0x0000006b73300000,0x0000006b73400000)]
  0x0000023ce7d22e70 JavaThread "C2 CompilerThread2" daemon [_thread_in_native, id=2636, stack(0x0000006b73400000,0x0000006b73500000)]

Other Threads:
  0x0000023c9fa1c820 VMThread "VM Thread" [stack: 0x0000006b72500000,0x0000006b72600000] [id=3116]
  0x0000023cffbf0150 WatcherThread [stack: 0x0000006b73200000,0x0000006b73300000] [id=19244]
  0x0000023cffc4b6a0 GCTaskThread "GC Thread#0" [stack: 0x0000006b72000000,0x0000006b72100000] [id=20668]
  0x0000023ce685dfd0 GCTaskThread "GC Thread#1" [stack: 0x0000006b73500000,0x0000006b73600000] [id=22524]
  0x0000023ce685e290 GCTaskThread "GC Thread#2" [stack: 0x0000006b73600000,0x0000006b73700000] [id=11616]
  0x0000023ce685e550 GCTaskThread "GC Thread#3" [stack: 0x0000006b73700000,0x0000006b73800000] [id=7596]
  0x0000023ce6aba920 GCTaskThread "GC Thread#4" [stack: 0x0000006b73800000,0x0000006b73900000] [id=7296]
  0x0000023ce688a500 GCTaskThread "GC Thread#5" [stack: 0x0000006b73b00000,0x0000006b73c00000] [id=2020]
  0x0000023ce6889f80 GCTaskThread "GC Thread#6" [stack: 0x0000006b73c00000,0x0000006b73d00000] [id=7500]
  0x0000023ce6888f00 GCTaskThread "GC Thread#7" [stack: 0x0000006b73d00000,0x0000006b73e00000] [id=19692]
  0x0000023ce688a7c0 GCTaskThread "GC Thread#8" [stack: 0x0000006b73e00000,0x0000006b73f00000] [id=8876]
  0x0000023ce6889480 GCTaskThread "GC Thread#9" [stack: 0x0000006b73f00000,0x0000006b74000000] [id=18336]
  0x0000023cffc5c0b0 ConcurrentGCThread "G1 Main Marker" [stack: 0x0000006b72100000,0x0000006b72200000] [id=22648]
  0x0000023cffc5d870 ConcurrentGCThread "G1 Conc#0" [stack: 0x0000006b72200000,0x0000006b72300000] [id=10680]
  0x0000023ce6889a00 ConcurrentGCThread "G1 Conc#1" [stack: 0x0000006b74000000,0x0000006b74100000] [id=11092]
  0x0000023ce6889cc0 ConcurrentGCThread "G1 Conc#2" [stack: 0x0000006b74100000,0x0000006b74200000] [id=4496]
  0x0000023cffc8d4e0 ConcurrentGCThread "G1 Refine#0" [stack: 0x0000006b72300000,0x0000006b72400000] [id=9112]
  0x0000023ce77b67b0 ConcurrentGCThread "G1 Refine#1" [stack: 0x0000006b74200000,0x0000006b74300000] [id=23016]
  0x0000023c9f8cf3e0 ConcurrentGCThread "G1 Service" [stack: 0x0000006b72400000,0x0000006b72500000] [id=23000]

Threads with active compile tasks:
C2 CompilerThread0  13380811 22704   !   4       org.springframework.boot.context.properties.source.SpringConfigurationPropertySource::getConfigurationProperty (116 bytes)
C2 CompilerThread1  13380811 22660       4       org.springframework.core.type.AnnotatedTypeMetadata::isAnnotated (13 bytes)
C2 CompilerThread2  13380811 22752       4       org.springframework.asm.Type::getArgumentTypes (94 bytes)

VM state: not at safepoint (normal execution)

VM Mutex/Monitor currently owned by a thread: None

Heap address: 0x0000000082a00000, size: 2006 MB, Compressed Oops mode: 32-bit

CDS archive(s) mapped at: [0x0000023ca0000000-0x0000023ca0bb0000-0x0000023ca0bb0000), size 12255232, SharedBaseAddress: 0x0000023ca0000000, ArchiveRelocationMode: 1.
Compressed class space mapped at: 0x0000023ca1000000-0x0000023ce1000000, reserved size: 1073741824
Narrow klass base: 0x0000023ca0000000, Narrow klass shift: 0, Narrow klass range: 0x100000000

GC Precious Log:
 CPUs: 12 total, 12 available
 Memory: 8021M
 Large Page Support: Disabled
 NUMA Support: Disabled
 Compressed Oops: Enabled (32-bit)
 Heap Region Size: 1M
 Heap Min Capacity: 8M
 Heap Initial Capacity: 126M
 Heap Max Capacity: 2006M
 Pre-touch: Disabled
 Parallel Workers: 10
 Concurrent Workers: 3
 Concurrent Refinement Workers: 10
 Periodic GC: Disabled

Heap:
 garbage-first heap   total 128000K, used 88566K [0x0000000082a00000, 0x0000000100000000)
  region size 1024K, 44 young (45056K), 0 survivors (0K)
 Metaspace       used 104630K, committed 105536K, reserved 1179648K
  class space    used 13634K, committed 14080K, reserved 1048576K

Heap Regions: E=young(eden), S=young(survivor), O=old, HS=humongous(starts), HC=humongous(continues), CS=collection set, F=free, OA=open archive, CA=closed archive, TAMS=top-at-mark-start (previous, next)
|   0|0x0000000082a00000, 0x0000000082b00000, 0x0000000082b00000|100%|HS|  |TAMS 0x0000000082b00000, 0x0000000082a00000| Untracked 
|   1|0x0000000082b00000, 0x0000000082c00000, 0x0000000082c00000|100%|HS|  |TAMS 0x0000000082c00000, 0x0000000082b00000| Untracked 
|   2|0x0000000082c00000, 0x0000000082cfffe8, 0x0000000082d00000| 99%| O|  |TAMS 0x0000000082c00000, 0x0000000082c00000| Untracked 
|   3|0x0000000082d00000, 0x0000000082e00000, 0x0000000082e00000|100%| O|  |TAMS 0x0000000082e00000, 0x0000000082d00000| Untracked 
|   4|0x0000000082e00000, 0x0000000082f00000, 0x0000000082f00000|100%| O|  |TAMS 0x0000000082f00000, 0x0000000082e00000| Untracked 
|   5|0x0000000082f00000, 0x0000000082fe1fd0, 0x0000000083000000| 88%| O|  |TAMS 0x0000000082f00000, 0x0000000082f00000| Untracked 
|   6|0x0000000083000000, 0x0000000083100000, 0x0000000083100000|100%| O|  |TAMS 0x0000000083100000, 0x0000000083000000| Untracked 
|   7|0x0000000083100000, 0x0000000083200000, 0x0000000083200000|100%| O|  |TAMS 0x0000000083200000, 0x0000000083100000| Untracked 
|   8|0x0000000083200000, 0x00000000832fff98, 0x0000000083300000| 99%| O|  |TAMS 0x0000000083200000, 0x0000000083200000| Untracked 
|   9|0x0000000083300000, 0x0000000083400000, 0x0000000083400000|100%| O|  |TAMS 0x0000000083300000, 0x0000000083300000| Untracked 
|  10|0x0000000083400000, 0x00000000834fffe0, 0x0000000083500000| 99%| O|  |TAMS 0x0000000083400000, 0x0000000083400000| Untracked 
|  11|0x0000000083500000, 0x00000000835ffff8, 0x0000000083600000| 99%| O|  |TAMS 0x0000000083500000, 0x0000000083500000| Untracked 
|  12|0x0000000083600000, 0x00000000836ffff0, 0x0000000083700000| 99%| O|  |TAMS 0x0000000083600000, 0x0000000083600000| Untracked 
|  13|0x0000000083700000, 0x00000000837fffc8, 0x0000000083800000| 99%| O|  |TAMS 0x0000000083700000, 0x0000000083700000| Untracked 
|  14|0x0000000083800000, 0x0000000083900000, 0x0000000083900000|100%| O|  |TAMS 0x0000000083800000, 0x0000000083800000| Untracked 
|  15|0x0000000083900000, 0x00000000839fffe0, 0x0000000083a00000| 99%| O|  |TAMS 0x0000000083900000, 0x0000000083900000| Untracked 
|  16|0x0000000083a00000, 0x0000000083b00000, 0x0000000083b00000|100%| O|  |TAMS 0x0000000083a00000, 0x0000000083a00000| Untracked 
|  17|0x0000000083b00000, 0x0000000083bffff8, 0x0000000083c00000| 99%| O|  |TAMS 0x0000000083b00000, 0x0000000083b00000| Untracked 
|  18|0x0000000083c00000, 0x0000000083cfffe0, 0x0000000083d00000| 99%| O|  |TAMS 0x0000000083c00000, 0x0000000083c00000| Untracked 
|  19|0x0000000083d00000, 0x0000000083dffff8, 0x0000000083e00000| 99%| O|  |TAMS 0x0000000083d00000, 0x0000000083d00000| Untracked 
|  20|0x0000000083e00000, 0x0000000083effff8, 0x0000000083f00000| 99%| O|  |TAMS 0x0000000083e00000, 0x0000000083e00000| Untracked 
|  21|0x0000000083f00000, 0x0000000083fffff8, 0x0000000084000000| 99%| O|  |TAMS 0x0000000083f00000, 0x0000000083f00000| Untracked 
|  22|0x0000000084000000, 0x0000000084100000, 0x0000000084100000|100%| O|  |TAMS 0x0000000084000000, 0x0000000084000000| Untracked 
|  23|0x0000000084100000, 0x00000000841ffff0, 0x0000000084200000| 99%| O|  |TAMS 0x0000000084100000, 0x0000000084100000| Untracked 
|  24|0x0000000084200000, 0x0000000084300000, 0x0000000084300000|100%| O|  |TAMS 0x0000000084200000, 0x0000000084200000| Untracked 
|  25|0x0000000084300000, 0x00000000843fffe8, 0x0000000084400000| 99%| O|  |TAMS 0x0000000084300000, 0x0000000084300000| Untracked 
|  26|0x0000000084400000, 0x00000000844fffe8, 0x0000000084500000| 99%| O|  |TAMS 0x0000000084400000, 0x0000000084400000| Untracked 
|  27|0x0000000084500000, 0x00000000845ffff8, 0x0000000084600000| 99%| O|  |TAMS 0x0000000084500000, 0x0000000084500000| Untracked 
|  28|0x0000000084600000, 0x00000000846ffff8, 0x0000000084700000| 99%| O|  |TAMS 0x0000000084600000, 0x0000000084600000| Untracked 
|  29|0x0000000084700000, 0x00000000847fffd8, 0x0000000084800000| 99%| O|  |TAMS 0x0000000084700000, 0x0000000084700000| Untracked 
|  30|0x0000000084800000, 0x00000000848ffff8, 0x0000000084900000| 99%| O|  |TAMS 0x0000000084800000, 0x0000000084800000| Untracked 
|  31|0x0000000084900000, 0x00000000849fffe0, 0x0000000084a00000| 99%| O|  |TAMS 0x0000000084900000, 0x0000000084900000| Untracked 
|  32|0x0000000084a00000, 0x0000000084afffb8, 0x0000000084b00000| 99%| O|  |TAMS 0x0000000084a00000, 0x0000000084a00000| Untracked 
|  33|0x0000000084b00000, 0x0000000084bfff08, 0x0000000084c00000| 99%| O|  |TAMS 0x0000000084b00000, 0x0000000084b00000| Untracked 
|  34|0x0000000084c00000, 0x0000000084cffff8, 0x0000000084d00000| 99%| O|  |TAMS 0x0000000084c00000, 0x0000000084c00000| Untracked 
|  35|0x0000000084d00000, 0x0000000084dfffe8, 0x0000000084e00000| 99%| O|  |TAMS 0x0000000084d00000, 0x0000000084d00000| Untracked 
|  36|0x0000000084e00000, 0x0000000084effff8, 0x0000000084f00000| 99%| O|  |TAMS 0x0000000084e00000, 0x0000000084e00000| Untracked 
|  37|0x0000000084f00000, 0x0000000084ffffe0, 0x0000000085000000| 99%| O|  |TAMS 0x0000000084f00000, 0x0000000084f00000| Untracked 
|  38|0x0000000085000000, 0x00000000850ffff0, 0x0000000085100000| 99%| O|  |TAMS 0x0000000085000000, 0x0000000085000000| Untracked 
|  39|0x0000000085100000, 0x0000000085200000, 0x0000000085200000|100%| O|  |TAMS 0x0000000085100000, 0x0000000085100000| Untracked 
|  40|0x0000000085200000, 0x00000000852fffc8, 0x0000000085300000| 99%| O|  |TAMS 0x0000000085200000, 0x0000000085200000| Untracked 
|  41|0x0000000085300000, 0x000000008538cc70, 0x0000000085400000| 54%| O|  |TAMS 0x0000000085300000, 0x0000000085300000| Untracked 
|  42|0x0000000085400000, 0x0000000085400000, 0x0000000085500000|  0%| F|  |TAMS 0x0000000085400000, 0x0000000085400000| Untracked 
|  43|0x0000000085500000, 0x0000000085515470, 0x0000000085600000|  8%| O|  |TAMS 0x0000000085500000, 0x0000000085500000| Untracked 
|  44|0x0000000085600000, 0x000000008564e9a0, 0x0000000085700000| 30%| O|  |TAMS 0x0000000085600000, 0x0000000085600000| Untracked 
|  45|0x0000000085700000, 0x00000000857fffe8, 0x0000000085800000| 99%| O|  |TAMS 0x0000000085700000, 0x0000000085700000| Untracked 
|  46|0x0000000085800000, 0x0000000085800000, 0x0000000085900000|  0%| F|  |TAMS 0x0000000085800000, 0x0000000085800000| Untracked 
|  47|0x0000000085900000, 0x00000000859ab3c8, 0x0000000085a00000| 66%| O|  |TAMS 0x0000000085900000, 0x0000000085900000| Untracked 
|  48|0x0000000085a00000, 0x0000000085a00000, 0x0000000085b00000|  0%| F|  |TAMS 0x0000000085a00000, 0x0000000085a00000| Untracked 
|  49|0x0000000085b00000, 0x0000000085b00000, 0x0000000085c00000|  0%| F|  |TAMS 0x0000000085b00000, 0x0000000085b00000| Untracked 
|  50|0x0000000085c00000, 0x0000000085c00000, 0x0000000085d00000|  0%| F|  |TAMS 0x0000000085c00000, 0x0000000085c00000| Untracked 
|  51|0x0000000085d00000, 0x0000000085d00000, 0x0000000085e00000|  0%| F|  |TAMS 0x0000000085d00000, 0x0000000085d00000| Untracked 
|  52|0x0000000085e00000, 0x0000000085e00000, 0x0000000085f00000|  0%| F|  |TAMS 0x0000000085e00000, 0x0000000085e00000| Untracked 
|  53|0x0000000085f00000, 0x0000000085f00000, 0x0000000086000000|  0%| F|  |TAMS 0x0000000085f00000, 0x0000000085f00000| Untracked 
|  54|0x0000000086000000, 0x0000000086000000, 0x0000000086100000|  0%| F|  |TAMS 0x0000000086000000, 0x0000000086000000| Untracked 
|  55|0x0000000086100000, 0x0000000086100000, 0x0000000086200000|  0%| F|  |TAMS 0x0000000086100000, 0x0000000086100000| Untracked 
|  56|0x0000000086200000, 0x0000000086200000, 0x0000000086300000|  0%| F|  |TAMS 0x0000000086200000, 0x0000000086200000| Untracked 
|  57|0x0000000086300000, 0x0000000086300000, 0x0000000086400000|  0%| F|  |TAMS 0x0000000086300000, 0x0000000086300000| Untracked 
|  58|0x0000000086400000, 0x0000000086400000, 0x0000000086500000|  0%| F|  |TAMS 0x0000000086400000, 0x0000000086400000| Untracked 
|  59|0x0000000086500000, 0x0000000086500000, 0x0000000086600000|  0%| F|  |TAMS 0x0000000086500000, 0x0000000086500000| Untracked 
|  60|0x0000000086600000, 0x0000000086600000, 0x0000000086700000|  0%| F|  |TAMS 0x0000000086600000, 0x0000000086600000| Untracked 
|  61|0x0000000086700000, 0x0000000086700000, 0x0000000086800000|  0%| F|  |TAMS 0x0000000086700000, 0x0000000086700000| Untracked 
|  62|0x0000000086800000, 0x0000000086800000, 0x0000000086900000|  0%| F|  |TAMS 0x0000000086800000, 0x0000000086800000| Untracked 
|  63|0x0000000086900000, 0x0000000086900000, 0x0000000086a00000|  0%| F|  |TAMS 0x0000000086900000, 0x0000000086900000| Untracked 
|  64|0x0000000086a00000, 0x0000000086a00000, 0x0000000086b00000|  0%| F|  |TAMS 0x0000000086a00000, 0x0000000086a00000| Untracked 
|  65|0x0000000086b00000, 0x0000000086b00000, 0x0000000086c00000|  0%| F|  |TAMS 0x0000000086b00000, 0x0000000086b00000| Untracked 
|  66|0x0000000086c00000, 0x0000000086c00000, 0x0000000086d00000|  0%| F|  |TAMS 0x0000000086c00000, 0x0000000086c00000| Untracked 
|  67|0x0000000086d00000, 0x0000000086d00000, 0x0000000086e00000|  0%| F|  |TAMS 0x0000000086d00000, 0x0000000086d00000| Untracked 
|  68|0x0000000086e00000, 0x0000000086e00000, 0x0000000086f00000|  0%| F|  |TAMS 0x0000000086e00000, 0x0000000086e00000| Untracked 
|  69|0x0000000086f00000, 0x0000000086f00000, 0x0000000087000000|  0%| F|  |TAMS 0x0000000086f00000, 0x0000000086f00000| Untracked 
|  70|0x0000000087000000, 0x0000000087000000, 0x0000000087100000|  0%| F|  |TAMS 0x0000000087000000, 0x0000000087000000| Untracked 
|  71|0x0000000087100000, 0x0000000087100000, 0x0000000087200000|  0%| F|  |TAMS 0x0000000087100000, 0x0000000087100000| Untracked 
|  72|0x0000000087200000, 0x0000000087200000, 0x0000000087300000|  0%| F|  |TAMS 0x0000000087200000, 0x0000000087200000| Untracked 
|  73|0x0000000087300000, 0x0000000087300000, 0x0000000087400000|  0%| F|  |TAMS 0x0000000087300000, 0x0000000087300000| Untracked 
|  74|0x0000000087400000, 0x0000000087400000, 0x0000000087500000|  0%| F|  |TAMS 0x0000000087400000, 0x0000000087400000| Untracked 
|  75|0x0000000087500000, 0x0000000087500000, 0x0000000087600000|  0%| F|  |TAMS 0x0000000087500000, 0x0000000087500000| Untracked 
|  76|0x0000000087600000, 0x0000000087600000, 0x0000000087700000|  0%| F|  |TAMS 0x0000000087600000, 0x0000000087600000| Untracked 
|  77|0x0000000087700000, 0x0000000087700000, 0x0000000087800000|  0%| F|  |TAMS 0x0000000087700000, 0x0000000087700000| Untracked 
|  78|0x0000000087800000, 0x0000000087800000, 0x0000000087900000|  0%| F|  |TAMS 0x0000000087800000, 0x0000000087800000| Untracked 
|  79|0x0000000087900000, 0x0000000087900000, 0x0000000087a00000|  0%| F|  |TAMS 0x0000000087900000, 0x0000000087900000| Untracked 
|  80|0x0000000087a00000, 0x0000000087a2f928, 0x0000000087b00000| 18%| E|  |TAMS 0x0000000087a00000, 0x0000000087a00000| Complete 
|  81|0x0000000087b00000, 0x0000000087c00000, 0x0000000087c00000|100%| E|CS|TAMS 0x0000000087b00000, 0x0000000087b00000| Complete 
|  82|0x0000000087c00000, 0x0000000087d00000, 0x0000000087d00000|100%| E|CS|TAMS 0x0000000087c00000, 0x0000000087c00000| Complete 
|  83|0x0000000087d00000, 0x0000000087e00000, 0x0000000087e00000|100%| E|CS|TAMS 0x0000000087d00000, 0x0000000087d00000| Complete 
|  84|0x0000000087e00000, 0x0000000087f00000, 0x0000000087f00000|100%| E|CS|TAMS 0x0000000087e00000, 0x0000000087e00000| Complete 
|  85|0x0000000087f00000, 0x0000000088000000, 0x0000000088000000|100%| E|CS|TAMS 0x0000000087f00000, 0x0000000087f00000| Complete 
|  86|0x0000000088000000, 0x0000000088100000, 0x0000000088100000|100%| E|CS|TAMS 0x0000000088000000, 0x0000000088000000| Complete 
|  87|0x0000000088100000, 0x0000000088200000, 0x0000000088200000|100%| E|CS|TAMS 0x0000000088100000, 0x0000000088100000| Complete 
|  88|0x0000000088200000, 0x0000000088300000, 0x0000000088300000|100%| E|CS|TAMS 0x0000000088200000, 0x0000000088200000| Complete 
|  89|0x0000000088300000, 0x0000000088400000, 0x0000000088400000|100%| E|CS|TAMS 0x0000000088300000, 0x0000000088300000| Complete 
|  90|0x0000000088400000, 0x0000000088500000, 0x0000000088500000|100%| E|CS|TAMS 0x0000000088400000, 0x0000000088400000| Complete 
|  91|0x0000000088500000, 0x0000000088600000, 0x0000000088600000|100%| E|CS|TAMS 0x0000000088500000, 0x0000000088500000| Complete 
|  92|0x0000000088600000, 0x0000000088700000, 0x0000000088700000|100%| E|CS|TAMS 0x0000000088600000, 0x0000000088600000| Complete 
|  93|0x0000000088700000, 0x0000000088800000, 0x0000000088800000|100%| E|CS|TAMS 0x0000000088700000, 0x0000000088700000| Complete 
|  94|0x0000000088800000, 0x0000000088900000, 0x0000000088900000|100%| E|CS|TAMS 0x0000000088800000, 0x0000000088800000| Complete 
|  95|0x0000000088900000, 0x0000000088a00000, 0x0000000088a00000|100%| E|CS|TAMS 0x0000000088900000, 0x0000000088900000| Complete 
|  96|0x0000000088a00000, 0x0000000088b00000, 0x0000000088b00000|100%| E|CS|TAMS 0x0000000088a00000, 0x0000000088a00000| Complete 
|  97|0x0000000088b00000, 0x0000000088c00000, 0x0000000088c00000|100%| E|CS|TAMS 0x0000000088b00000, 0x0000000088b00000| Complete 
|  98|0x0000000088c00000, 0x0000000088d00000, 0x0000000088d00000|100%| E|CS|TAMS 0x0000000088c00000, 0x0000000088c00000| Complete 
|  99|0x0000000088d00000, 0x0000000088e00000, 0x0000000088e00000|100%| E|CS|TAMS 0x0000000088d00000, 0x0000000088d00000| Complete 
| 100|0x0000000088e00000, 0x0000000088f00000, 0x0000000088f00000|100%| E|CS|TAMS 0x0000000088e00000, 0x0000000088e00000| Complete 
| 101|0x0000000088f00000, 0x0000000089000000, 0x0000000089000000|100%| E|CS|TAMS 0x0000000088f00000, 0x0000000088f00000| Complete 
| 102|0x0000000089000000, 0x0000000089100000, 0x0000000089100000|100%| E|CS|TAMS 0x0000000089000000, 0x0000000089000000| Complete 
| 103|0x0000000089100000, 0x0000000089200000, 0x0000000089200000|100%| E|CS|TAMS 0x0000000089100000, 0x0000000089100000| Complete 
| 104|0x0000000089200000, 0x0000000089300000, 0x0000000089300000|100%| E|CS|TAMS 0x0000000089200000, 0x0000000089200000| Complete 
| 105|0x0000000089300000, 0x0000000089400000, 0x0000000089400000|100%| E|CS|TAMS 0x0000000089300000, 0x0000000089300000| Complete 
| 106|0x0000000089400000, 0x0000000089500000, 0x0000000089500000|100%| E|CS|TAMS 0x0000000089400000, 0x0000000089400000| Complete 
| 107|0x0000000089500000, 0x0000000089600000, 0x0000000089600000|100%| E|CS|TAMS 0x0000000089500000, 0x0000000089500000| Complete 
| 108|0x0000000089600000, 0x0000000089700000, 0x0000000089700000|100%| E|CS|TAMS 0x0000000089600000, 0x0000000089600000| Complete 
| 109|0x0000000089700000, 0x0000000089800000, 0x0000000089800000|100%| E|CS|TAMS 0x0000000089700000, 0x0000000089700000| Complete 
| 110|0x0000000089800000, 0x0000000089900000, 0x0000000089900000|100%| E|CS|TAMS 0x0000000089800000, 0x0000000089800000| Complete 
| 111|0x0000000089900000, 0x0000000089a00000, 0x0000000089a00000|100%| E|CS|TAMS 0x0000000089900000, 0x0000000089900000| Complete 
| 112|0x0000000089a00000, 0x0000000089b00000, 0x0000000089b00000|100%| E|CS|TAMS 0x0000000089a00000, 0x0000000089a00000| Complete 
| 113|0x0000000089b00000, 0x0000000089c00000, 0x0000000089c00000|100%| E|CS|TAMS 0x0000000089b00000, 0x0000000089b00000| Complete 
| 114|0x0000000089c00000, 0x0000000089d00000, 0x0000000089d00000|100%| E|CS|TAMS 0x0000000089c00000, 0x0000000089c00000| Complete 
| 115|0x0000000089d00000, 0x0000000089e00000, 0x0000000089e00000|100%| E|CS|TAMS 0x0000000089d00000, 0x0000000089d00000| Complete 
| 116|0x0000000089e00000, 0x0000000089f00000, 0x0000000089f00000|100%| E|CS|TAMS 0x0000000089e00000, 0x0000000089e00000| Complete 
| 117|0x0000000089f00000, 0x000000008a000000, 0x000000008a000000|100%| E|CS|TAMS 0x0000000089f00000, 0x0000000089f00000| Complete 
| 118|0x000000008a000000, 0x000000008a100000, 0x000000008a100000|100%| E|CS|TAMS 0x000000008a000000, 0x000000008a000000| Complete 
| 119|0x000000008a100000, 0x000000008a200000, 0x000000008a200000|100%| E|CS|TAMS 0x000000008a100000, 0x000000008a100000| Complete 
| 120|0x000000008a200000, 0x000000008a300000, 0x000000008a300000|100%| E|CS|TAMS 0x000000008a200000, 0x000000008a200000| Complete 
| 121|0x000000008a300000, 0x000000008a400000, 0x000000008a400000|100%| E|CS|TAMS 0x000000008a300000, 0x000000008a300000| Complete 
| 122|0x000000008a400000, 0x000000008a500000, 0x000000008a500000|100%| E|CS|TAMS 0x000000008a400000, 0x000000008a400000| Complete 
| 123|0x000000008a500000, 0x000000008a600000, 0x000000008a600000|100%| E|CS|TAMS 0x000000008a500000, 0x000000008a500000| Complete 
| 125|0x000000008a700000, 0x000000008a800000, 0x000000008a800000|100%| E|CS|TAMS 0x000000008a700000, 0x000000008a700000| Complete 

Card table byte_map: [0x0000023c98c50000,0x0000023c99040000] _byte_map_base: 0x0000023c9883b000

Marking Bits (Prev, Next): (CMBitMap*) 0x0000023cffc4bcc0, (CMBitMap*) 0x0000023cffc4bd00
 Prev Bits: [0x0000023c99430000, 0x0000023c9b388000)
 Next Bits: [0x0000023c9b390000, 0x0000023c9d2e8000)

Polling page: 0x0000023cff480000

Metaspace:

Usage:
  Non-class:     88.86 MB used.
      Class:     13.32 MB used.
       Both:    102.18 MB used.

Virtual space:
  Non-class space:      128.00 MB reserved,      89.31 MB ( 70%) committed,  2 nodes.
      Class space:        1.00 GB reserved,      13.75 MB (  1%) committed,  1 nodes.
             Both:        1.12 GB reserved,     103.06 MB (  9%) committed. 

Chunk freelists:
   Non-Class:  6.11 MB
       Class:  2.28 MB
        Both:  8.38 MB

MaxMetaspaceSize: unlimited
CompressedClassSpaceSize: 1.00 GB
Initial GC threshold: 21.00 MB
Current GC threshold: 170.94 MB
CDS: on
MetaspaceReclaimPolicy: balanced
 - commit_granule_bytes: 65536.
 - commit_granule_words: 8192.
 - virtual_space_node_default_size: 8388608.
 - enlarge_chunks_in_place: 1.
 - new_chunks_are_fully_committed: 0.
 - uncommit_free_chunks: 1.
 - use_allocation_guard: 0.
 - handle_deallocations: 1.


Internal statistics:

num_allocs_failed_limit: 12.
num_arena_births: 2004.
num_arena_deaths: 536.
num_vsnodes_births: 3.
num_vsnodes_deaths: 0.
num_space_committed: 1649.
num_space_uncommitted: 0.
num_chunks_returned_to_freelist: 658.
num_chunks_taken_from_freelist: 6552.
num_chunk_merges: 207.
num_chunk_splits: 4117.
num_chunks_enlarged: 2819.
num_inconsistent_stats: 0.

CodeHeap 'non-profiled nmethods': size=120000Kb used=16436Kb max_used=16436Kb free=103563Kb
 bounds [0x0000023c909a0000, 0x0000023c919b0000, 0x0000023c97ed0000]
CodeHeap 'profiled nmethods': size=120000Kb used=36464Kb max_used=36464Kb free=83535Kb
 bounds [0x0000023c88ed0000, 0x0000023c8b270000, 0x0000023c90400000]
CodeHeap 'non-nmethods': size=5760Kb used=1388Kb max_used=1514Kb free=4371Kb
 bounds [0x0000023c90400000, 0x0000023c90670000, 0x0000023c909a0000]
 total_blobs=19417 nmethods=18688 adapters=639
 compilation: enabled
              stopped_count=0, restarted_count=0
 full_count=0

Compilation events (20 events):
Event: 13375.536 Thread 0x0000023ce511cb90 nmethod 22735 0x0000023c8b237a90 code [0x0000023c8b237c40, 0x0000023c8b237ee8]
Event: 13375.536 Thread 0x0000023ce511cb90 22736       3       jdk.internal.reflect.ClassDefiner::defineClass (33 bytes)
Event: 13375.536 Thread 0x0000023ce511cb90 nmethod 22736 0x0000023c8b238090 code [0x0000023c8b2382e0, 0x0000023c8b238a78]
Event: 13375.536 Thread 0x0000023ce511cb90 22737       3       jdk.internal.reflect.ClassDefiner$1::<init> (10 bytes)
Event: 13375.537 Thread 0x0000023ce511cb90 nmethod 22737 0x0000023c8b238e10 code [0x0000023c8b238fc0, 0x0000023c8b239198]
Event: 13375.537 Thread 0x0000023ce511cb90 22738       3       jdk.internal.reflect.ClassDefiner$1::run (5 bytes)
Event: 13375.537 Thread 0x0000023ce511cb90 nmethod 22738 0x0000023c8b239290 code [0x0000023c8b239460, 0x0000023c8b2397f8]
Event: 13375.537 Thread 0x0000023ce511cb90 22739       3       jdk.internal.reflect.ClassDefiner$1::run (12 bytes)
Event: 13375.537 Thread 0x0000023ce511cb90 nmethod 22739 0x0000023c8b239990 code [0x0000023c8b239b60, 0x0000023c8b239e98]
Event: 13375.537 Thread 0x0000023ce511cb90 22740       3       jdk.internal.reflect.DelegatingClassLoader::<init> (6 bytes)
Event: 13375.537 Thread 0x0000023ce511cb90 nmethod 22740 0x0000023c8b23a010 code [0x0000023c8b23a1e0, 0x0000023c8b23a438]
Event: 13375.540 Thread 0x0000023ce511cb90 22742   !   3       org.springframework.core.annotation.AttributeMethods::validate (78 bytes)
Event: 13375.541 Thread 0x0000023ce511cb90 nmethod 22742 0x0000023c8b23a590 code [0x0000023c8b23a860, 0x0000023c8b23b5e8]
Event: 13375.543 Thread 0x0000023ce511cb90 22743   !   3       org.springframework.boot.context.properties.source.ConfigurationPropertySourcesPropertyResolver::getProperty (106 bytes)
Event: 13375.545 Thread 0x0000023ce511cb90 nmethod 22743 0x0000023c8b23bc90 code [0x0000023c8b23c080, 0x0000023c8b23e018]
Event: 13375.545 Thread 0x0000023ce511cb90 22744   !   3       org.springframework.boot.context.properties.source.ConfigurationPropertySourcesPropertyResolver::findPropertyValue (55 bytes)
Event: 13375.546 Thread 0x0000023ce511cb90 nmethod 22744 0x0000023c8b23ea90 code [0x0000023c8b23ecc0, 0x0000023c8b23f268]
Event: 13375.546 Thread 0x0000023ce511cb90 22745   !   3       org.springframework.context.annotation.ConfigurationClassParser$SourceClass::getMemberClasses (226 bytes)
Event: 13375.547 Thread 0x0000023ce511cb90 nmethod 22745 0x0000023c8b23f510 code [0x0000023c8b23f840, 0x0000023c8b240f48]
Event: 13375.636 Thread 0x0000023ce511cb90 22747       3       jdk.internal.reflect.AccessorGenerator::emitCommonConstantPoolEntries (573 bytes)

GC Heap History (20 events):
Event: 12394.482 GC heap before
{Heap before GC invocations=203 (full 0):
 garbage-first heap   total 128000K, used 112377K [0x0000000082a00000, 0x0000000100000000)
  region size 1024K, 59 young (60416K), 1 survivors (1024K)
 Metaspace       used 104005K, committed 104832K, reserved 1179648K
  class space    used 13538K, committed 13952K, reserved 1048576K
}
Event: 12394.489 GC heap after
{Heap after GC invocations=204 (full 0):
 garbage-first heap   total 128000K, used 53033K [0x0000000082a00000, 0x0000000100000000)
  region size 1024K, 1 young (1024K), 1 survivors (1024K)
 Metaspace       used 104005K, committed 104832K, reserved 1179648K
  class space    used 13538K, committed 13952K, reserved 1048576K
}
Event: 12406.519 GC heap before
{Heap before GC invocations=204 (full 0):
 garbage-first heap   total 128000K, used 58153K [0x0000000082a00000, 0x0000000100000000)
  region size 1024K, 6 young (6144K), 1 survivors (1024K)
 Metaspace       used 104016K, committed 104832K, reserved 1179648K
  class space    used 13541K, committed 13952K, reserved 1048576K
}
Event: 12406.531 GC heap after
{Heap after GC invocations=205 (full 0):
 garbage-first heap   total 128000K, used 52779K [0x0000000082a00000, 0x0000000100000000)
  region size 1024K, 1 young (1024K), 1 survivors (1024K)
 Metaspace       used 104016K, committed 104832K, reserved 1179648K
  class space    used 13541K, committed 13952K, reserved 1048576K
}
Event: 12548.559 GC heap before
{Heap before GC invocations=205 (full 0):
 garbage-first heap   total 128000K, used 112171K [0x0000000082a00000, 0x0000000100000000)
  region size 1024K, 59 young (60416K), 1 survivors (1024K)
 Metaspace       used 104016K, committed 104832K, reserved 1179648K
  class space    used 13541K, committed 13952K, reserved 1048576K
}
Event: 12548.642 GC heap after
{Heap after GC invocations=206 (full 0):
 garbage-first heap   total 128000K, used 52999K [0x0000000082a00000, 0x0000000100000000)
  region size 1024K, 1 young (1024K), 1 survivors (1024K)
 Metaspace       used 104016K, committed 104832K, reserved 1179648K
  class space    used 13541K, committed 13952K, reserved 1048576K
}
Event: 12694.700 GC heap before
{Heap before GC invocations=206 (full 0):
 garbage-first heap   total 128000K, used 112391K [0x0000000082a00000, 0x0000000100000000)
  region size 1024K, 59 young (60416K), 1 survivors (1024K)
 Metaspace       used 104020K, committed 104832K, reserved 1179648K
  class space    used 13541K, committed 13952K, reserved 1048576K
}
Event: 12694.714 GC heap after
{Heap after GC invocations=207 (full 0):
 garbage-first heap   total 128000K, used 53045K [0x0000000082a00000, 0x0000000100000000)
  region size 1024K, 1 young (1024K), 1 survivors (1024K)
 Metaspace       used 104020K, committed 104832K, reserved 1179648K
  class space    used 13541K, committed 13952K, reserved 1048576K
}
Event: 12839.176 GC heap before
{Heap before GC invocations=207 (full 0):
 garbage-first heap   total 128000K, used 112437K [0x0000000082a00000, 0x0000000100000000)
  region size 1024K, 59 young (60416K), 1 survivors (1024K)
 Metaspace       used 104021K, committed 104832K, reserved 1179648K
  class space    used 13541K, committed 13952K, reserved 1048576K
}
Event: 12840.427 GC heap after
{Heap after GC invocations=208 (full 0):
 garbage-first heap   total 128000K, used 53156K [0x0000000082a00000, 0x0000000100000000)
  region size 1024K, 1 young (1024K), 1 survivors (1024K)
 Metaspace       used 104021K, committed 104832K, reserved 1179648K
  class space    used 13541K, committed 13952K, reserved 1048576K
}
Event: 12987.290 GC heap before
{Heap before GC invocations=209 (full 0):
 garbage-first heap   total 128000K, used 112548K [0x0000000082a00000, 0x0000000100000000)
  region size 1024K, 59 young (60416K), 1 survivors (1024K)
 Metaspace       used 104021K, committed 104832K, reserved 1179648K
  class space    used 13541K, committed 13952K, reserved 1048576K
}
Event: 12987.329 GC heap after
{Heap after GC invocations=210 (full 0):
 garbage-first heap   total 128000K, used 53176K [0x0000000082a00000, 0x0000000100000000)
  region size 1024K, 1 young (1024K), 1 survivors (1024K)
 Metaspace       used 104021K, committed 104832K, reserved 1179648K
  class space    used 13541K, committed 13952K, reserved 1048576K
}
Event: 12999.791 GC heap before
{Heap before GC invocations=210 (full 0):
 garbage-first heap   total 128000K, used 58296K [0x0000000082a00000, 0x0000000100000000)
  region size 1024K, 6 young (6144K), 1 survivors (1024K)
 Metaspace       used 104021K, committed 104832K, reserved 1179648K
  class space    used 13541K, committed 13952K, reserved 1048576K
}
Event: 13003.109 GC heap after
{Heap after GC invocations=211 (full 0):
 garbage-first heap   total 128000K, used 52917K [0x0000000082a00000, 0x0000000100000000)
  region size 1024K, 1 young (1024K), 1 survivors (1024K)
 Metaspace       used 104021K, committed 104832K, reserved 1179648K
  class space    used 13541K, committed 13952K, reserved 1048576K
}
Event: 13148.233 GC heap before
{Heap before GC invocations=211 (full 0):
 garbage-first heap   total 128000K, used 112309K [0x0000000082a00000, 0x0000000100000000)
  region size 1024K, 59 young (60416K), 1 survivors (1024K)
 Metaspace       used 104021K, committed 104832K, reserved 1179648K
  class space    used 13541K, committed 13952K, reserved 1048576K
}
Event: 13148.331 GC heap after
{Heap after GC invocations=212 (full 0):
 garbage-first heap   total 128000K, used 53001K [0x0000000082a00000, 0x0000000100000000)
  region size 1024K, 1 young (1024K), 1 survivors (1024K)
 Metaspace       used 104021K, committed 104832K, reserved 1179648K
  class space    used 13541K, committed 13952K, reserved 1048576K
}
Event: 13318.581 GC heap before
{Heap before GC invocations=212 (full 0):
 garbage-first heap   total 128000K, used 112393K [0x0000000082a00000, 0x0000000100000000)
  region size 1024K, 59 young (60416K), 1 survivors (1024K)
 Metaspace       used 104021K, committed 104832K, reserved 1179648K
  class space    used 13541K, committed 13952K, reserved 1048576K
}
Event: 13318.610 GC heap after
{Heap after GC invocations=213 (full 0):
 garbage-first heap   total 128000K, used 53067K [0x0000000082a00000, 0x0000000100000000)
  region size 1024K, 1 young (1024K), 1 survivors (1024K)
 Metaspace       used 104021K, committed 104832K, reserved 1179648K
  class space    used 13541K, committed 13952K, reserved 1048576K
}
Event: 13373.596 GC heap before
{Heap before GC invocations=213 (full 0):
 garbage-first heap   total 128000K, used 71499K [0x0000000082a00000, 0x0000000100000000)
  region size 1024K, 20 young (20480K), 1 survivors (1024K)
 Metaspace       used 104202K, committed 105024K, reserved 1179648K
  class space    used 13579K, committed 14016K, reserved 1048576K
}
Event: 13374.589 GC heap after
{Heap after GC invocations=214 (full 1):
 garbage-first heap   total 128000K, used 44534K [0x0000000082a00000, 0x0000000100000000)
  region size 1024K, 0 young (0K), 0 survivors (0K)
 Metaspace       used 104165K, committed 105024K, reserved 1179648K
  class space    used 13573K, committed 14016K, reserved 1048576K
}

Dll operation events (12 events):
Event: 0.010 Loaded shared library C:\Program Files\Amazon Corretto\jdk17.0.17_10\bin\java.dll
Event: 0.037 Loaded shared library C:\Program Files\Amazon Corretto\jdk17.0.17_10\bin\jsvml.dll
Event: 0.291 Loaded shared library C:\Program Files\Amazon Corretto\jdk17.0.17_10\bin\zip.dll
Event: 0.294 Loaded shared library C:\Program Files\Amazon Corretto\jdk17.0.17_10\bin\instrument.dll
Event: 0.299 Loaded shared library C:\Program Files\Amazon Corretto\jdk17.0.17_10\bin\net.dll
Event: 0.300 Loaded shared library C:\Program Files\Amazon Corretto\jdk17.0.17_10\bin\nio.dll
Event: 0.302 Loaded shared library C:\Program Files\Amazon Corretto\jdk17.0.17_10\bin\zip.dll
Event: 0.597 Loaded shared library C:\Program Files\Amazon Corretto\jdk17.0.17_10\bin\extnet.dll
Event: 0.637 Loaded shared library C:\Program Files\Amazon Corretto\jdk17.0.17_10\bin\jimage.dll
Event: 0.939 Loaded shared library C:\Program Files\Amazon Corretto\jdk17.0.17_10\bin\management.dll
Event: 0.944 Loaded shared library C:\Program Files\Amazon Corretto\jdk17.0.17_10\bin\management_ext.dll
Event: 2.158 Loaded shared library C:\Program Files\Amazon Corretto\jdk17.0.17_10\bin\sunmscapi.dll

Deoptimization events (20 events):
Event: 13374.885 Thread 0x0000023cec6c0620 Uncommon trap: trap_request=0xffffff45 fr.pc=0x0000023c918cb6cc relative=0x0000000000000dac
Event: 13374.885 Thread 0x0000023cec6c0620 Uncommon trap: reason=unstable_if action=reinterpret pc=0x0000023c918cb6cc method=org.springframework.core.convert.support.GenericConversionService.getConverter(Lorg/springframework/core/convert/TypeDescriptor;Lorg/springframework/core/convert/TypeDescrip
Event: 13374.885 Thread 0x0000023cec6c0620 DEOPT PACKING pc=0x0000023c918cb6cc sp=0x0000006b71dfd1e0
Event: 13374.885 Thread 0x0000023cec6c0620 DEOPT UNPACKING pc=0x0000023c904569a3 sp=0x0000006b71dfd1b0 mode 2
Event: 13374.888 Thread 0x0000023cec6c0620 Uncommon trap: trap_request=0xffffff45 fr.pc=0x0000023c9114ac10 relative=0x00000000000004d0
Event: 13374.888 Thread 0x0000023cec6c0620 Uncommon trap: reason=unstable_if action=reinterpret pc=0x0000023c9114ac10 method=java.lang.String.repeat(I)Ljava/lang/String; @ 78 c2
Event: 13374.888 Thread 0x0000023cec6c0620 DEOPT PACKING pc=0x0000023c9114ac10 sp=0x0000006b71dfe9a0
Event: 13374.888 Thread 0x0000023cec6c0620 DEOPT UNPACKING pc=0x0000023c904569a3 sp=0x0000006b71dfe958 mode 2
Event: 13374.894 Thread 0x0000023cec6c0620 Uncommon trap: trap_request=0xffffff45 fr.pc=0x0000023c9100940c relative=0x0000000000004bcc
Event: 13374.895 Thread 0x0000023cec6c0620 Uncommon trap: reason=unstable_if action=reinterpret pc=0x0000023c9100940c method=org.springframework.core.annotation.AnnotationTypeMapping.getMappedAnnotationValue(IZ)Ljava/lang/Object; @ 25 c2
Event: 13374.895 Thread 0x0000023cec6c0620 DEOPT PACKING pc=0x0000023c9100940c sp=0x0000006b71dfdf00
Event: 13374.895 Thread 0x0000023cec6c0620 DEOPT UNPACKING pc=0x0000023c904569a3 sp=0x0000006b71dfde10 mode 2
Event: 13374.946 Thread 0x0000023cec6c0620 Uncommon trap: trap_request=0xffffff45 fr.pc=0x0000023c91732578 relative=0x0000000000000998
Event: 13374.946 Thread 0x0000023cec6c0620 Uncommon trap: reason=unstable_if action=reinterpret pc=0x0000023c91732578 method=sun.nio.cs.StreamDecoder.implRead([CII)I @ 87 c2
Event: 13374.946 Thread 0x0000023cec6c0620 DEOPT PACKING pc=0x0000023c91732578 sp=0x0000006b71dfdc10
Event: 13374.946 Thread 0x0000023cec6c0620 DEOPT UNPACKING pc=0x0000023c904569a3 sp=0x0000006b71dfdbd0 mode 2
Event: 13374.950 Thread 0x0000023cec6c0620 Uncommon trap: trap_request=0xffffff45 fr.pc=0x0000023c90b83d94 relative=0x0000000000001794
Event: 13374.950 Thread 0x0000023cec6c0620 Uncommon trap: reason=unstable_if action=reinterpret pc=0x0000023c90b83d94 method=org.springframework.core.annotation.MergedAnnotationsCollection.find(Ljava/lang/Object;Ljava/util/function/Predicate;Lorg/springframework/core/annotation/MergedAnnotationSel
Event: 13374.950 Thread 0x0000023cec6c0620 DEOPT PACKING pc=0x0000023c90b83d94 sp=0x0000006b71dfddd0
Event: 13374.951 Thread 0x0000023cec6c0620 DEOPT UNPACKING pc=0x0000023c904569a3 sp=0x0000006b71dfddc8 mode 2

Classes loaded (20 events):
Event: 7560.919 Loading class java/lang/Throwable$WrappedPrintStream
Event: 7560.922 Loading class java/lang/Throwable$PrintStreamOrWriter
Event: 7560.922 Loading class java/lang/Throwable$PrintStreamOrWriter done
Event: 7560.922 Loading class java/lang/Throwable$WrappedPrintStream done
Event: 11183.708 Loading class java/text/ParsePosition
Event: 11183.712 Loading class java/text/ParsePosition done
Event: 11183.712 Loading class java/time/format/DateTimeParseContext
Event: 11183.714 Loading class java/time/format/DateTimeParseContext done
Event: 11183.714 Loading class java/time/format/Parsed
Event: 11183.716 Loading class java/time/format/Parsed done
Event: 11546.414 Loading class jdk/internal/misc/ScopedMemoryAccess$Scope$Handle
Event: 11546.417 Loading class jdk/internal/misc/ScopedMemoryAccess$Scope$Handle done
Event: 13372.801 Loading class java/util/concurrent/locks/AbstractQueuedSynchronizer$SharedNode
Event: 13372.810 Loading class java/util/concurrent/locks/AbstractQueuedSynchronizer$SharedNode done
Event: 13373.077 Loading class javax/management/NotificationBroadcasterSupport$WildcardListenerInfo
Event: 13373.088 Loading class javax/management/NotificationBroadcasterSupport$WildcardListenerInfo done
Event: 13374.591 Loading class java/lang/ref/Finalizer$2
Event: 13374.597 Loading class java/lang/ref/Finalizer$2 done
Event: 13374.597 Loading class java/lang/ref/Finalizer$1
Event: 13374.608 Loading class java/lang/ref/Finalizer$1 done

Classes unloaded (20 events):
Event: 9652.086 Thread 0x0000023c9fa1c820 Unloading class 0x0000023ca1124c00 'java/lang/invoke/LambdaForm$MH+0x0000023ca1124c00'
Event: 9652.086 Thread 0x0000023c9fa1c820 Unloading class 0x0000023ca1114c00 'java/lang/invoke/LambdaForm$MH+0x0000023ca1114c00'
Event: 9652.086 Thread 0x0000023c9fa1c820 Unloading class 0x0000023ca1114400 'java/lang/invoke/LambdaForm$MH+0x0000023ca1114400'
Event: 9652.086 Thread 0x0000023c9fa1c820 Unloading class 0x0000023ca10b8000 'java/lang/invoke/LambdaForm$MH+0x0000023ca10b8000'
Event: 9652.086 Thread 0x0000023c9fa1c820 Unloading class 0x0000023ca108d800 'java/lang/invoke/LambdaForm$MH+0x0000023ca108d800'
Event: 11182.277 Thread 0x0000023c9fa1c820 Unloading class 0x0000023ca1146800 'jdk/internal/reflect/GeneratedConstructorAccessor98'
Event: 11182.277 Thread 0x0000023c9fa1c820 Unloading class 0x0000023ca113d400 'jdk/internal/reflect/GeneratedConstructorAccessor97'
Event: 11182.277 Thread 0x0000023c9fa1c820 Unloading class 0x0000023ca19c4400 'jdk/internal/reflect/GeneratedMethodAccessor25'
Event: 12250.960 Thread 0x0000023c9fa1c820 Unloading class 0x0000023ca1147800 'jdk/internal/reflect/GeneratedConstructorAccessor99'
Event: 13373.814 Thread 0x0000023c9fa1c820 Unloading class 0x0000023ca1146400 'jdk/internal/reflect/GeneratedMethodAccessor332'
Event: 13373.816 Thread 0x0000023c9fa1c820 Unloading class 0x0000023ca1b44000 'jdk/internal/reflect/GeneratedMethodAccessor46'
Event: 13373.816 Thread 0x0000023c9fa1c820 Unloading class 0x0000023ca1b2bc00 'jdk/internal/reflect/GeneratedMethodAccessor45'
Event: 13373.816 Thread 0x0000023c9fa1c820 Unloading class 0x0000023ca1b2b800 'jdk/internal/reflect/GeneratedMethodAccessor44'
Event: 13373.817 Thread 0x0000023c9fa1c820 Unloading class 0x0000023ca1b2b000 'jdk/internal/reflect/GeneratedMethodAccessor42'
Event: 13373.817 Thread 0x0000023c9fa1c820 Unloading class 0x0000023ca1b2ac00 'jdk/internal/reflect/GeneratedMethodAccessor41'
Event: 13373.817 Thread 0x0000023c9fa1c820 Unloading class 0x0000023ca1b2a800 'jdk/internal/reflect/GeneratedMethodAccessor40'
Event: 13373.817 Thread 0x0000023c9fa1c820 Unloading class 0x0000023ca1b2a400 'jdk/internal/reflect/GeneratedMethodAccessor39'
Event: 13373.817 Thread 0x0000023c9fa1c820 Unloading class 0x0000023ca1b2a000 'jdk/internal/reflect/GeneratedMethodAccessor38'
Event: 13373.817 Thread 0x0000023c9fa1c820 Unloading class 0x0000023ca1b29c00 'jdk/internal/reflect/GeneratedMethodAccessor37'
Event: 13373.817 Thread 0x0000023c9fa1c820 Unloading class 0x0000023ca1b29800 'jdk/internal/reflect/GeneratedMethodAccessor36'

Classes redefined (0 events):
No events

Internal exceptions (20 events):
Event: 4188.156 Thread 0x0000023ced1841d0 Implicit null exception at 0x0000023c90c16697 to 0x0000023c90c18194
Event: 4368.894 Thread 0x0000023ced1841d0 Implicit null exception at 0x0000023c91066c37 to 0x0000023c91069d68
Event: 7233.624 Thread 0x0000023ced185b20 Implicit null exception at 0x0000023c90d4bf17 to 0x0000023c90d4dc2c
Event: 7236.342 Thread 0x0000023ced1832a0 Implicit null exception at 0x0000023c90efa0e0 to 0x0000023c90efabbc
Event: 7560.905 Thread 0x0000023ced1841d0 Exception <a 'java/lang/NoSuchMethodError'{0x0000000086fe3dd8}: 'java.lang.Object java.lang.invoke.DirectMethodHandle$Holder.invokeSpecial(java.lang.Object, java.lang.Object, long, java.lang.Object)'> (0x0000000086fe3dd8) 
thrown [s\src\hotspot\share\interpreter\linkResolver.cpp, line 759]
Event: 7560.910 Thread 0x0000023ced1841d0 Exception <a 'sun/nio/fs/WindowsException'{0x0000000086fed4f8}> (0x0000000086fed4f8) 
thrown [s\src\hotspot\share\prims\jni.cpp, line 516]
Event: 7560.915 Thread 0x0000023ced1841d0 Exception <a 'java/io/FileNotFoundException'{0x0000000086feed08}> (0x0000000086feed08) 
thrown [s\src\hotspot\share\prims\jni.cpp, line 516]
Event: 8101.046 Thread 0x0000023ced186030 Implicit null exception at 0x0000023c91473560 to 0x0000023c9147a020
Event: 8536.664 Thread 0x0000023ced1841d0 Implicit null exception at 0x0000023c9171d9e8 to 0x0000023c917218d8
Event: 8635.873 Thread 0x0000023ced1841d0 Implicit null exception at 0x0000023c9170f1e0 to 0x0000023c917130b4
Event: 10359.708 Thread 0x0000023ced181950 Implicit null exception at 0x0000023c9189b9af to 0x0000023c9189bd0c
Event: 10727.913 Thread 0x0000023ced182370 Exception <a 'java/io/IOException'{0x0000000087906be0}> (0x0000000087906be0) 
thrown [s\src\hotspot\share\prims\jni.cpp, line 516]
Event: 11042.920 Thread 0x0000023ced186030 Implicit null exception at 0x0000023c91068b71 to 0x0000023c910691f8
Event: 11637.642 Thread 0x0000023ced1841d0 Implicit null exception at 0x0000023c9190f843 to 0x0000023c919134b8
Event: 11637.642 Thread 0x0000023ced1837b0 Implicit null exception at 0x0000023c9190f843 to 0x0000023c919134b8
Event: 13355.740 Thread 0x0000023ced180a20 Implicit null exception at 0x0000023c90c961b3 to 0x0000023c90c9e370
Event: 13365.568 Thread 0x0000023ced180a20 Implicit null exception at 0x0000023c90d67d0d to 0x0000023c90d68238
Event: 13373.283 Thread 0x0000023cec6c0110 Implicit null exception at 0x0000023c915b3cf7 to 0x0000023c915b5028
Event: 13373.581 Thread 0x0000023ced180f30 Exception <a 'java/lang/InterruptedException'{0x0000000089425308}: sleep interrupted> (0x0000000089425308) 
thrown [s\src\hotspot\share\prims\jvm.cpp, line 3064]
Event: 13374.842 Thread 0x0000023cec6c0620 Exception <a 'sun/nio/fs/WindowsException'{0x000000008a7ef790}> (0x000000008a7ef790) 
thrown [s\src\hotspot\share\prims\jni.cpp, line 516]

VM Operations (20 events):
Event: 13148.233 Executing VM operation: G1CollectForAllocation
Event: 13148.406 Executing VM operation: G1CollectForAllocation done
Event: 13220.019 Executing VM operation: Cleanup
Event: 13220.022 Executing VM operation: Cleanup done
Event: 13318.572 Executing VM operation: G1CollectForAllocation
Event: 13318.610 Executing VM operation: G1CollectForAllocation done
Event: 13320.621 Executing VM operation: Cleanup
Event: 13320.621 Executing VM operation: Cleanup done
Event: 13329.701 Executing VM operation: Cleanup
Event: 13329.717 Executing VM operation: Cleanup done
Event: 13356.940 Executing VM operation: Cleanup
Event: 13356.940 Executing VM operation: Cleanup done
Event: 13357.952 Executing VM operation: Cleanup
Event: 13357.952 Executing VM operation: Cleanup done
Event: 13373.050 Executing VM operation: Cleanup
Event: 13373.051 Executing VM operation: Cleanup done
Event: 13373.592 Executing VM operation: G1CollectFull
Event: 13374.590 Executing VM operation: G1CollectFull done
Event: 13375.600 Executing VM operation: Cleanup
Event: 13375.600 Executing VM operation: Cleanup done

Memory protections (0 events):
No events

Nmethod flushes (20 events):
Event: 10274.370 Thread 0x0000023ce511d980 flushing  nmethod 0x0000023c8a05ba90
Event: 10274.379 Thread 0x0000023ce511d980 flushing  nmethod 0x0000023c8a1bf590
Event: 10274.380 Thread 0x0000023ce511d980 flushing  nmethod 0x0000023c8a233c10
Event: 10274.380 Thread 0x0000023ce511d980 flushing  nmethod 0x0000023c8a26ff10
Event: 10274.380 Thread 0x0000023ce511d980 flushing  nmethod 0x0000023c8a309e10
Event: 10274.381 Thread 0x0000023ce511d980 flushing  nmethod 0x0000023c8a34f390
Event: 10274.381 Thread 0x0000023ce511d980 flushing  nmethod 0x0000023c8a434c10
Event: 10274.382 Thread 0x0000023ce511d980 flushing  nmethod 0x0000023c8a46df10
Event: 10274.382 Thread 0x0000023ce511d980 flushing  nmethod 0x0000023c8a473b10
Event: 10274.382 Thread 0x0000023ce511d980 flushing  nmethod 0x0000023c8a4bb810
Event: 10274.382 Thread 0x0000023ce511d980 flushing  nmethod 0x0000023c8a4c0610
Event: 10274.382 Thread 0x0000023ce511d980 flushing  nmethod 0x0000023c8a4d2910
Event: 10274.382 Thread 0x0000023ce511d980 flushing  nmethod 0x0000023c8a4db790
Event: 10274.383 Thread 0x0000023ce511d980 flushing  nmethod 0x0000023c8a605790
Event: 10274.383 Thread 0x0000023ce511d980 flushing  nmethod 0x0000023c8a697310
Event: 10274.384 Thread 0x0000023ce511d980 flushing  nmethod 0x0000023c8a737a10
Event: 10274.384 Thread 0x0000023ce511d980 flushing  nmethod 0x0000023c8a77a110
Event: 10274.384 Thread 0x0000023ce511d980 flushing  nmethod 0x0000023c8a837290
Event: 10274.385 Thread 0x0000023ce511d980 flushing  nmethod 0x0000023c8a8a8b10
Event: 10274.385 Thread 0x0000023ce511d980 flushing  nmethod 0x0000023c8a8d2c90

Events (20 events):
Event: 13372.986 Thread 0x0000023ced182370 Thread exited: 0x0000023ced182370
Event: 13372.986 Thread 0x0000023ced1841d0 Thread exited: 0x0000023ced1841d0
Event: 13372.986 Thread 0x0000023ced181950 Thread exited: 0x0000023ced181950
Event: 13372.988 Thread 0x0000023ced181e60 Thread exited: 0x0000023ced181e60
Event: 13372.988 Thread 0x0000023ced185b20 Thread exited: 0x0000023ced185b20
Event: 13372.988 Thread 0x0000023ced1837b0 Thread exited: 0x0000023ced1837b0
Event: 13372.988 Thread 0x0000023ced1832a0 Thread exited: 0x0000023ced1832a0
Event: 13372.988 Thread 0x0000023ced185610 Thread exited: 0x0000023ced185610
Event: 13373.333 Thread 0x0000023cec6c0110 Thread added: 0x0000023cec6c0620
Event: 13373.336 Thread 0x0000023ce8df2cc0 Thread exited: 0x0000023ce8df2cc0
Event: 13373.354 Thread 0x0000023cec6c0620 Thread exited: 0x0000023cec6c0620
Event: 13373.571 Thread 0x0000023ce8df27b0 Thread exited: 0x0000023ce8df27b0
Event: 13373.573 Thread 0x0000023ce8df1d90 Thread exited: 0x0000023ce8df1d90
Event: 13373.581 Thread 0x0000023ced180f30 Thread exited: 0x0000023ced180f30
Event: 13374.752 Thread 0x0000023cec6c0110 Thread added: 0x0000023cec6c0620
Event: 13374.753 Thread 0x0000023cec6c0620 Thread exited: 0x0000023cec6c0620
Event: 13374.753 Thread 0x0000023cec6c0110 Thread added: 0x0000023cec6c0620
Event: 13375.196 Thread 0x0000023cec6c0620 Thread added: 0x0000023cec6c0b30
Event: 13375.230 Thread 0x0000023cec6c0b30 Thread exited: 0x0000023cec6c0b30
Event: 13375.230 Thread 0x0000023ce511cb90 Thread added: 0x0000023ce7d213e0


Dynamic libraries:
0x00007ff7c1950000 - 0x00007ff7c195e000 	C:\Program Files\Amazon Corretto\jdk17.0.17_10\bin\java.exe
0x00007fff6da60000 - 0x00007fff6dcc7000 	C:\WINDOWS\SYSTEM32\ntdll.dll
0x00007fff278e0000 - 0x00007fff27900000 	C:\Program Files\Avast Software\Avast\aswhook.dll
0x00007fff6b8c0000 - 0x00007fff6b989000 	C:\WINDOWS\System32\KERNEL32.DLL
0x00007fff6abb0000 - 0x00007fff6af9f000 	C:\WINDOWS\System32\KERNELBASE.dll
0x00007fff6b330000 - 0x00007fff6b47b000 	C:\WINDOWS\System32\ucrtbase.dll
0x00007fff65cf0000 - 0x00007fff65d0e000 	C:\Program Files\Amazon Corretto\jdk17.0.17_10\bin\VCRUNTIME140.dll
0x00007fff65da0000 - 0x00007fff65db8000 	C:\Program Files\Amazon Corretto\jdk17.0.17_10\bin\jli.dll
0x00007fff6d620000 - 0x00007fff6d7e5000 	C:\WINDOWS\System32\USER32.dll
0x00007fff524e0000 - 0x00007fff52773000 	C:\WINDOWS\WinSxS\amd64_microsoft.windows.common-controls_6595b64144ccf1df_6.0.26100.7309_none_3e05feeae336a044\COMCTL32.dll
0x00007fff6b5f0000 - 0x00007fff6b617000 	C:\WINDOWS\System32\win32u.dll
0x00007fff6d2b0000 - 0x00007fff6d359000 	C:\WINDOWS\System32\msvcrt.dll
0x00007fff6bb80000 - 0x00007fff6bbab000 	C:\WINDOWS\System32\GDI32.dll
0x00007fff6b6d0000 - 0x00007fff6b7fc000 	C:\WINDOWS\System32\gdi32full.dll
0x00007fff6b280000 - 0x00007fff6b323000 	C:\WINDOWS\System32\msvcp_win.dll
0x00007fff6bbb0000 - 0x00007fff6bbe1000 	C:\WINDOWS\System32\IMM32.DLL
0x00007fff65d90000 - 0x00007fff65d9c000 	C:\Program Files\Amazon Corretto\jdk17.0.17_10\bin\vcruntime140_1.dll
0x00007fff5a300000 - 0x00007fff5a389000 	C:\Program Files\Amazon Corretto\jdk17.0.17_10\bin\msvcp140.dll
0x00007ffefdf70000 - 0x00007ffefebe4000 	C:\Program Files\Amazon Corretto\jdk17.0.17_10\bin\server\jvm.dll
0x00007fff6d360000 - 0x00007fff6d414000 	C:\WINDOWS\System32\ADVAPI32.dll
0x00007fff6c160000 - 0x00007fff6c206000 	C:\WINDOWS\System32\sechost.dll
0x00007fff6c2a0000 - 0x00007fff6c3b8000 	C:\WINDOWS\System32\RPCRT4.dll
0x00007fff6d9a0000 - 0x00007fff6da14000 	C:\WINDOWS\System32\WS2_32.dll
0x00007fff6aa10000 - 0x00007fff6aa6e000 	C:\WINDOWS\SYSTEM32\POWRPROF.dll
0x00007fff5adf0000 - 0x00007fff5ae25000 	C:\WINDOWS\SYSTEM32\WINMM.dll
0x00007fff63c00000 - 0x00007fff63c0b000 	C:\WINDOWS\SYSTEM32\VERSION.dll
0x00007fff6a9f0000 - 0x00007fff6aa04000 	C:\WINDOWS\SYSTEM32\UMPDC.dll
0x00007fff69960000 - 0x00007fff6997b000 	C:\WINDOWS\SYSTEM32\kernel.appcore.dll
0x00007fff65ce0000 - 0x00007fff65cea000 	C:\Program Files\Amazon Corretto\jdk17.0.17_10\bin\jimage.dll
0x00007fff5e110000 - 0x00007fff5e352000 	C:\WINDOWS\SYSTEM32\DBGHELP.DLL
0x00007fff6c3c0000 - 0x00007fff6c745000 	C:\WINDOWS\System32\combase.dll
0x00007fff6cef0000 - 0x00007fff6cfc6000 	C:\WINDOWS\System32\OLEAUT32.dll
0x00007fff5e0d0000 - 0x00007fff5e10c000 	C:\WINDOWS\SYSTEM32\dbgcore.DLL
0x00007fff6b620000 - 0x00007fff6b6c5000 	C:\WINDOWS\System32\bcryptPrimitives.dll
0x00007fff65cd0000 - 0x00007fff65cdf000 	C:\Program Files\Amazon Corretto\jdk17.0.17_10\bin\instrument.dll
0x00007fff65c60000 - 0x00007fff65c86000 	C:\Program Files\Amazon Corretto\jdk17.0.17_10\bin\java.dll
0x00007fff51bf0000 - 0x00007fff51cc7000 	C:\Program Files\Amazon Corretto\jdk17.0.17_10\bin\jsvml.dll
0x00007fff6c780000 - 0x00007fff6ced3000 	C:\WINDOWS\System32\SHELL32.dll
0x00007fff6b480000 - 0x00007fff6b5ea000 	C:\WINDOWS\System32\wintypes.dll
0x00007fff687f0000 - 0x00007fff6904e000 	C:\WINDOWS\SYSTEM32\windows.storage.dll
0x00007fff6cfd0000 - 0x00007fff6d0c5000 	C:\WINDOWS\System32\SHCORE.dll
0x00007fff6d5b0000 - 0x00007fff6d616000 	C:\WINDOWS\System32\shlwapi.dll
0x00007fff6aad0000 - 0x00007fff6aaf9000 	C:\WINDOWS\SYSTEM32\profapi.dll
0x00007fff5b3d0000 - 0x00007fff5b3e8000 	C:\Program Files\Amazon Corretto\jdk17.0.17_10\bin\zip.dll
0x00007fff65c40000 - 0x00007fff65c5b000 	C:\Program Files\Amazon Corretto\jdk17.0.17_10\bin\net.dll
0x00007fff64a00000 - 0x00007fff64b28000 	C:\WINDOWS\SYSTEM32\WINHTTP.dll
0x00007fff69ed0000 - 0x00007fff69f3b000 	C:\WINDOWS\system32\mswsock.dll
0x00007fff64f30000 - 0x00007fff64f46000 	C:\Program Files\Amazon Corretto\jdk17.0.17_10\bin\nio.dll
0x00007fff5b3c0000 - 0x00007fff5b3c9000 	C:\Program Files\Amazon Corretto\jdk17.0.17_10\bin\extnet.dll
0x00007fff5b3b0000 - 0x00007fff5b3ba000 	C:\Program Files\Amazon Corretto\jdk17.0.17_10\bin\management.dll
0x00007fff5ad70000 - 0x00007fff5ad7c000 	C:\Program Files\Amazon Corretto\jdk17.0.17_10\bin\management_ext.dll
0x00007fff6cee0000 - 0x00007fff6cee8000 	C:\WINDOWS\System32\PSAPI.DLL
0x00007fff65cc0000 - 0x00007fff65cce000 	C:\Program Files\Amazon Corretto\jdk17.0.17_10\bin\sunmscapi.dll
0x00007fff6b100000 - 0x00007fff6b277000 	C:\WINDOWS\System32\CRYPT32.dll
0x00007fff6a3b0000 - 0x00007fff6a3e0000 	C:\WINDOWS\SYSTEM32\ncrypt.dll
0x00007fff6a360000 - 0x00007fff6a39f000 	C:\WINDOWS\SYSTEM32\NTASN1.dll
0x00007fff6a190000 - 0x00007fff6a1ab000 	C:\WINDOWS\SYSTEM32\CRYPTSP.dll
0x00007fff698c0000 - 0x00007fff698fa000 	C:\WINDOWS\system32\rsaenh.dll
0x00007fff69f80000 - 0x00007fff69fab000 	C:\WINDOWS\SYSTEM32\USERENV.dll
0x00007fff6aaa0000 - 0x00007fff6aaca000 	C:\WINDOWS\SYSTEM32\bcrypt.dll
0x00007fff6a1b0000 - 0x00007fff6a1bc000 	C:\WINDOWS\SYSTEM32\CRYPTBASE.dll
0x00007fff69370000 - 0x00007fff693a4000 	C:\WINDOWS\SYSTEM32\IPHLPAPI.DLL
0x00007fff6d7f0000 - 0x00007fff6d7fa000 	C:\WINDOWS\System32\NSI.dll
0x00007fff64690000 - 0x00007fff646ae000 	C:\WINDOWS\SYSTEM32\dhcpcsvc6.DLL
0x00007fff64660000 - 0x00007fff64683000 	C:\WINDOWS\SYSTEM32\dhcpcsvc.DLL
0x00007fff693b0000 - 0x00007fff694dc000 	C:\WINDOWS\SYSTEM32\DNSAPI.dll
0x00007fff61b60000 - 0x00007fff61b6b000 	C:\Windows\System32\rasadhlp.dll
0x00007fff62000000 - 0x00007fff62086000 	C:\WINDOWS\System32\fwpuclnt.dll
0x00007ffec4310000 - 0x00007ffec4318000 	C:\WINDOWS\system32\wshunix.dll

dbghelp: loaded successfully - version: 4.0.5 - missing functions: none
symbol engine: initialized successfully - sym options: 0x614 - pdb path: .;C:\Program Files\Amazon Corretto\jdk17.0.17_10\bin;C:\WINDOWS\SYSTEM32;C:\Program Files\Avast Software\Avast;C:\WINDOWS\WinSxS\amd64_microsoft.windows.common-controls_6595b64144ccf1df_6.0.26100.7309_none_3e05feeae336a044;C:\Program Files\Amazon Corretto\jdk17.0.17_10\bin\server

VM Arguments:
jvm_args: -javaagent:D:\IntelliJ IDEA Community Edition 2025.2.4\lib\idea_rt.jar=63840 -Dfile.encoding=UTF-8 
java_command: com.My.Spring_Final_Project.SpringFinalProjectApplication
java_class_path (initial): D:\FINAL_PROJECT_19_12_25\FINAL\FINAL_30_12_25\Spring_Final_Project\target\classes;C:\Users\h\.m2\repository\org\springframework\boot\spring-boot-starter-actuator\3.5.8\spring-boot-starter-actuator-3.5.8.jar;C:\Users\h\.m2\repository\org\springframework\boot\spring-boot-starter\3.5.8\spring-boot-starter-3.5.8.jar;C:\Users\h\.m2\repository\org\springframework\boot\spring-boot-starter-logging\3.5.8\spring-boot-starter-logging-3.5.8.jar;C:\Users\h\.m2\repository\ch\qos\logback\logback-classic\1.5.21\logback-classic-1.5.21.jar;C:\Users\h\.m2\repository\ch\qos\logback\logback-core\1.5.21\logback-core-1.5.21.jar;C:\Users\h\.m2\repository\org\apache\logging\log4j\log4j-to-slf4j\2.24.3\log4j-to-slf4j-2.24.3.jar;C:\Users\h\.m2\repository\org\apache\logging\log4j\log4j-api\2.24.3\log4j-api-2.24.3.jar;C:\Users\h\.m2\repository\org\slf4j\jul-to-slf4j\2.0.17\jul-to-slf4j-2.0.17.jar;C:\Users\h\.m2\repository\jakarta\annotation\jakarta.annotation-api\2.1.1\jakarta.annotation-api-2.1.1.jar;C:\Users\h\.m2\repository\org\yaml\snakeyaml\2.4\snakeyaml-2.4.jar;C:\Users\h\.m2\repository\org\springframework\boot\spring-boot-actuator-autoconfigure\3.5.8\spring-boot-actuator-autoconfigure-3.5.8.jar;C:\Users\h\.m2\repository\org\springframework\boot\spring-boot-actuator\3.5.8\spring-boot-actuator-3.5.8.jar;C:\Users\h\.m2\repository\com\fasterxml\jackson\datatype\jackson-datatype-jsr310\2.19.4\jackson-datatype-jsr310-2.19.4.jar;C:\Users\h\.m2\repository\io\micrometer\micrometer-observation\1.15.6\micrometer-observation-1.15.6.jar;C:\Users\h\.m2\repository\io\micrometer\micrometer-commons\1.15.6\micrometer-commons-1.15.6.jar;C:\Users\h\.m2\repository\io\micrometer\micrometer-jakarta9\1.15.6\micrometer-jakarta9-1.15.6.jar;C:\Users\h\.m2\repository\io\micrometer\micrometer-core\1.15.6\micrometer-core-1.15.6.jar;C:\Users\h\.m2\repository\org\hdrhistogram\HdrHistogram\2.2.2\HdrHistogram-2.2.2.jar;C:\Users\h\.m2\repository\org\latencyutils\LatencyUtils\2.0.3\LatencyUtil
Launcher Type: SUN_STANDARD

[Global flags]
     intx CICompilerCount                          = 4                                         {product} {ergonomic}
     uint ConcGCThreads                            = 3                                         {product} {ergonomic}
     uint G1ConcRefinementThreads                  = 10                                        {product} {ergonomic}
   size_t G1HeapRegionSize                         = 1048576                                   {product} {ergonomic}
    uintx GCDrainStackTargetSize                   = 64                                        {product} {ergonomic}
   size_t InitialHeapSize                          = 132120576                                 {product} {ergonomic}
   size_t MarkStackSize                            = 4194304                                   {product} {ergonomic}
   size_t MaxHeapSize                              = 2103443456                                {product} {ergonomic}
   size_t MaxNewSize                               = 1261436928                                {product} {ergonomic}
   size_t MinHeapDeltaBytes                        = 1048576                                   {product} {ergonomic}
   size_t MinHeapSize                              = 8388608                                   {product} {ergonomic}
    uintx NonNMethodCodeHeapSize                   = 5839372                                {pd product} {ergonomic}
    uintx NonProfiledCodeHeapSize                  = 122909434                              {pd product} {ergonomic}
    uintx ProfiledCodeHeapSize                     = 122909434                              {pd product} {ergonomic}
    uintx ReservedCodeCacheSize                    = 251658240                              {pd product} {ergonomic}
     bool SegmentedCodeCache                       = true                                      {product} {ergonomic}
   size_t SoftMaxHeapSize                          = 2103443456                             {manageable} {ergonomic}
     bool UseCompressedClassPointers               = true                           {product lp64_product} {ergonomic}
     bool UseCompressedOops                        = true                           {product lp64_product} {ergonomic}
     bool UseG1GC                                  = true                                      {product} {ergonomic}
     bool UseLargePagesIndividualAllocation        = false                                  {pd product} {ergonomic}

Logging:
Log output configuration:
 #0: stdout all=warning uptime,level,tags
 #1: stderr all=off uptime,level,tags

Environment Variables:
JAVA_HOME=C:\Program Files\Amazon Corretto\jdk17.0.17_10
PATH=C:\Program Files\Amazon Corretto\jdk17.0.17_10\bin;D:\Java_Software\WINDOWS.X64_193000_db_home\bin;C:\Program Files\Common Files\Oracle\Java\javapath;C:\WINDOWS\system32;C:\WINDOWS;C:\WINDOWS\System32\Wbem;C:\WINDOWS\System32\WindowsPowerShell\v1.0\;C:\WINDOWS\System32\OpenSSH\;C:\Program Files\Java\jdk-21\bin;D:\GitHub\Git\cmd;D:\Java_Software\Angular_20_10_25\nvm-setup\nvm;D:\Java_Software\Angular_20_10_25\nvm-setup\nodejs;C:\Users\h\AppData\Local\Microsoft\WindowsApps;C:\Users\h\AppData\Local\Programs\Microsoft VS Code\bin;D:\Java_Software\Angular_20_10_25\nvm-setup\nvm;D:\Java_Software\Angular_20_10_25\nvm-setup\nodejs;D:\IntelliJ IDEA Community Edition 2025.2.4\bin
USERNAME=h
OS=Windows_NT
PROCESSOR_IDENTIFIER=Intel64 Family 6 Model 165 Stepping 3, GenuineIntel
TMP=C:\Users\h\AppData\Local\Temp
TEMP=C:\Users\h\AppData\Local\Temp



Periodic native trim disabled


---------------  S Y S T E M  ---------------

OS:
 Windows 11 , 64 bit Build 26100 (10.0.26100.7309)
OS uptime: 1 days 17:59 hours

CPU: total 12 (initial active 12) (6 cores per cpu, 2 threads per core) family 6 model 165 stepping 3 microcode 0xea, cx8, cmov, fxsr, ht, mmx, 3dnowpref, sse, sse2, sse3, ssse3, sse4.1, sse4.2, popcnt, lzcnt, tsc, tscinvbit, avx, avx2, aes, erms, clmul, bmi1, bmi2, adx, fma, vzeroupper, clflush, clflushopt
Processor Information for all 12 processors :
  Max Mhz: 2904, Current Mhz: 2904, Mhz Limit: 2904

Memory: 4k page, system-wide physical 8021M (1251M free)
TotalPageFile size 23119M (AvailPageFile size 5M)
current process WorkingSet (physical memory assigned to process): 363M, peak: 433M
current process commit charge ("private bytes"): 485M, peak: 495M

vm_info: OpenJDK 64-Bit Server VM (17.0.17+10-LTS) for windows-amd64 JRE (17.0.17+10-LTS), built on Oct 16 2025 05:23:10 by "Administrator" with unknown MS VC++:1944

END.
